Log file open, 05/13/24 22:15:54
LogWindows: Failed to load 'aqProf.dll' (GetLastError=126)
LogWindows: File 'aqProf.dll' does not exist
LogWindows: Failed to load 'VtuneApi.dll' (GetLastError=126)
LogWindows: File 'VtuneApi.dll' does not exist
LogWindows: Failed to load 'VtuneApi32e.dll' (GetLastError=126)
LogWindows: File 'VtuneApi32e.dll' does not exist
LogConsoleResponse: Display: Failed to find resolution value strings in scalability ini. Falling back to default.
LogConsoleResponse: Display: Failed to find resolution value strings in scalability ini. Falling back to default.
LogInit: Display: Running engine for game: FirstP
LogPlatformFile: Not using cached read wrapper
LogTaskGraph: Started task graph with 5 named threads and 35 total threads with 3 sets of task threads.
LogStats: Stats thread started at 0.282682
LogICUInternationalization: ICU TimeZone Detection - Raw Offset: -3:00, Platform Override: ''
LogInit: Display: Loading text-based GConfig....
LogPluginManager: Mounting plugin MeshPainting
LogPluginManager: Mounting plugin XGEController
LogPluginManager: Mounting plugin EnvironmentQueryEditor
LogPluginManager: Mounting plugin AISupport
LogPluginManager: Mounting plugin LightPropagationVolume
LogPluginManager: Mounting plugin Paper2D
LogPluginManager: Mounting plugin LiveLink
LogPluginManager: Mounting plugin CameraShakePreviewer
LogPluginManager: Mounting plugin GameplayCameras
LogPluginManager: Mounting plugin OodleData
LogPluginManager: Mounting plugin OodleNetwork
LogPluginManager: Mounting plugin DatasmithContent
LogPluginManager: Mounting plugin VariantManagerContent
LogPluginManager: Mounting plugin AnimationSharing
LogPluginManager: Mounting plugin AssetManagerEditor
LogPluginManager: Mounting plugin CLionSourceCodeAccess
LogPluginManager: Mounting plugin CodeLiteSourceCodeAccess
LogPluginManager: Mounting plugin GitSourceControl
LogPluginManager: Mounting plugin KDevelopSourceCodeAccess
LogPluginManager: Mounting plugin AlembicImporter
LogPluginManager: Mounting plugin NullSourceCodeAccess
LogPluginManager: Mounting plugin PerforceSourceControl
LogPluginManager: Mounting plugin PixWinPlugin
LogPluginManager: Mounting plugin PlasticSourceControl
LogPluginManager: Mounting plugin AutomationUtils
LogPluginManager: Mounting plugin PluginUtils
LogPluginManager: Mounting plugin BackChannel
LogPluginManager: Mounting plugin PropertyAccessNode
LogPluginManager: Mounting plugin RiderSourceCodeAccess
LogPluginManager: Mounting plugin ChaosCloth
LogPluginManager: Mounting plugin SubversionSourceControl
LogPluginManager: Mounting plugin ChaosClothEditor
LogPluginManager: Mounting plugin TextureFormatOodle
LogPluginManager: Mounting plugin ChaosEditor
LogPluginManager: Mounting plugin UObjectPlugin
LogPluginManager: Mounting plugin VisualStudioCodeSourceCodeAccess
LogPluginManager: Mounting plugin VisualStudioSourceCodeAccess
LogPluginManager: Mounting plugin ChaosNiagara
LogPluginManager: Mounting plugin XCodeSourceCodeAccess
LogPluginManager: Mounting plugin CharacterAI
LogPluginManager: Mounting plugin ChaosSolverPlugin
LogPluginManager: Mounting plugin Niagara
LogPluginManager: Mounting plugin GeometryCache
LogPluginManager: Mounting plugin GeometryProcessing
LogPluginManager: Mounting plugin GeometryCollectionPlugin
LogPluginManager: Mounting plugin MotoSynth
LogPluginManager: Mounting plugin OpenImageDenoise
LogPluginManager: Mounting plugin PlanarCut
LogPluginManager: Mounting plugin PlatformCrypto
LogPluginManager: Mounting plugin ProxyLODPlugin
LogPluginManager: Mounting plugin PythonScriptPlugin
LogPluginManager: Mounting plugin LuminPlatformFeatures
LogPluginManager: Mounting plugin MagicLeap
LogPluginManager: Mounting plugin MagicLeapLightEstimation
LogPluginManager: Mounting plugin MagicLeapMedia
LogPluginManager: Mounting plugin SkeletalReduction
LogPluginManager: Mounting plugin MagicLeapPassableWorld
LogPluginManager: Mounting plugin MLSDK
LogPluginManager: Mounting plugin AndroidMedia
LogPluginManager: Mounting plugin AvfMedia
LogPluginManager: Mounting plugin MediaCompositing
LogPluginManager: Mounting plugin MediaPlayerEditor
LogPluginManager: Mounting plugin ImgMedia
LogPluginManager: Mounting plugin WebMMedia
LogPluginManager: Mounting plugin WmfMedia
LogPluginManager: Mounting plugin TcpMessaging
LogPluginManager: Mounting plugin ActorSequence
LogPluginManager: Mounting plugin UdpMessaging
LogPluginManager: Mounting plugin MatineeToLevelSequence
LogPluginManager: Mounting plugin LevelSequenceEditor
LogPluginManager: Mounting plugin TemplateSequence
LogPluginManager: Mounting plugin LauncherChunkInstaller
LogPluginManager: Mounting plugin OnlineSubsystem
LogPluginManager: Mounting plugin OnlineSubsystemNull
LogPluginManager: Mounting plugin OnlineSubsystemUtils
LogPluginManager: Mounting plugin ActorLayerUtilities
LogPluginManager: Mounting plugin AndroidDeviceProfileSelector
LogPluginManager: Mounting plugin AndroidPermission
LogPluginManager: Mounting plugin AndroidMoviePlayer
LogPluginManager: Mounting plugin AppleImageUtils
LogPluginManager: Mounting plugin AppleMoviePlayer
LogPluginManager: Mounting plugin AudioCapture
LogPluginManager: Mounting plugin ArchVisCharacter
LogPluginManager: Mounting plugin AssetTags
LogPluginManager: Mounting plugin AudioSynesthesia
LogPluginManager: Mounting plugin CableComponent
LogPluginManager: Mounting plugin ChunkDownloader
LogPluginManager: Mounting plugin CustomMeshComponent
LogPluginManager: Mounting plugin EditableMesh
LogPluginManager: Mounting plugin ExampleDeviceProfileSelector
LogPluginManager: Mounting plugin GoogleCloudMessaging
LogPluginManager: Mounting plugin GooglePAD
LogPluginManager: Mounting plugin IOSDeviceProfileSelector
LogPluginManager: Mounting plugin LinuxDeviceProfileSelector
LogPluginManager: Mounting plugin LocationServicesBPLibrary
LogPluginManager: Mounting plugin MobilePatchingUtils
LogPluginManager: Mounting plugin OpenXREyeTracker
LogPluginManager: Mounting plugin OpenXR
LogPluginManager: Mounting plugin OpenXRHandTracking
LogPluginManager: Mounting plugin PhysXVehicles
LogPluginManager: Mounting plugin PostSplashScreen
LogPluginManager: Mounting plugin ProceduralMeshComponent
LogPluginManager: Mounting plugin PropertyAccessEditor
LogPluginManager: Mounting plugin RuntimePhysXCooking
LogPluginManager: Mounting plugin SignificanceManager
LogPluginManager: Mounting plugin SoundFields
LogPluginManager: Mounting plugin Synthesis
LogPluginManager: Mounting plugin WebMMoviePlayer
LogPluginManager: Mounting plugin WindowsMoviePlayer
LogPluginManager: Mounting plugin Takes
LogPluginManager: Mounting plugin ScreenshotTools
LogPluginManager: Mounting plugin CryptoKeys
LogPluginManager: Mounting plugin CurveEditorTools
LogPluginManager: Mounting plugin DataValidation
LogPluginManager: Mounting plugin FacialAnimation
LogPluginManager: Mounting plugin GeometryMode
LogPluginManager: Mounting plugin GameplayTagsEditor
LogPluginManager: Mounting plugin MacGraphicsSwitching
LogPluginManager: Mounting plugin MaterialAnalyzer
LogPluginManager: Mounting plugin PluginBrowser
LogPluginManager: Mounting plugin SpeedTreeImporter
LogPluginManager: Mounting plugin MobileLauncherProfileWizard
LogPluginManager: Mounting plugin OnlineSubsystemGooglePlay
LogPluginManager: Mounting plugin OnlineSubsystemIOS
LogPluginManager: Mounting plugin OculusVR
LogPluginManager: Mounting plugin SteamVR
LogPluginManager: Mounting plugin ContentBrowserAssetDataSource
LogPluginManager: Mounting plugin ContentBrowserClassDataSource
LogPluginManager: Mounting plugin ContentBrowserFileDataSource
PixWinPlugin: PIX capture plugin failed to initialize! Check that the process is launched from PIX.
LogInit: Using libcurl 7.55.1-DEV
LogInit:  - built for x86_64-pc-win32
LogInit:  - supports SSL with OpenSSL/1.1.1
LogInit:  - supports HTTP deflate (compression) using libz 1.2.8
LogInit:  - other features:
LogInit:      CURL_VERSION_SSL
LogInit:      CURL_VERSION_LIBZ
LogInit:      CURL_VERSION_IPV6
LogInit:      CURL_VERSION_ASYNCHDNS
LogInit:      CURL_VERSION_LARGEFILE
LogInit:      CURL_VERSION_IDN
LogInit:  CurlRequestOptions (configurable via config and command line):
LogInit:  - bVerifyPeer = true  - Libcurl will verify peer certificate
LogInit:  - bUseHttpProxy = false  - Libcurl will NOT use HTTP proxy
LogInit:  - bDontReuseConnections = false  - Libcurl will reuse connections
LogInit:  - MaxHostConnections = 16  - Libcurl will limit the number of connections to a host
LogInit:  - LocalHostAddr = Default
LogInit:  - BufferSize = 65536
LogOnline: OSS: Creating online subsystem instance for: NULL
LogInit: WinSock: version 1.1 (2.2), MaxSocks=32767, MaxUdp=65467
LogOnline: OSS: TryLoadSubsystemAndSetDefault: Loaded subsystem for module [NULL]
LogOculusPluginWrapper: OculusPlugin initialized successfully
LogHMD: Failed initializing OVRPlugin 1.59.0
LogInit: Build: ++UE4+Release-4.27-CL-18319896
LogInit: Engine Version: 4.27.2-18319896+++UE4+Release-4.27
LogInit: Compatible Engine Version: 4.27.0-17155196+++UE4+Release-4.27
LogInit: Net CL: 17155196
LogInit: OS: Windows 10 (Release 2009) (), CPU: Intel(R) Core(TM) i5-10500H CPU @ 2.50GHz, GPU: Intel(R) UHD Graphics
LogInit: Compiled (64-bit): Nov 30 2021 07:12:08
LogInit: Compiled with Visual C++: 19.24.28315.00
LogInit: Build Configuration: Development
LogInit: Branch Name: ++UE4+Release-4.27
LogInit: Command Line: 
LogInit: Base Directory: D:/Games/UE_4.27/Engine/Binaries/Win64/
LogInit: Allocator: TBB
LogInit: Installed Engine Build: 1
LogDevObjectVersion: Number of dev versions registered: 29
LogDevObjectVersion:   Dev-Blueprints (B0D832E4-1F89-4F0D-ACCF-7EB736FD4AA2): 10
LogDevObjectVersion:   Dev-Build (E1C64328-A22C-4D53-A36C-8E866417BD8C): 0
LogDevObjectVersion:   Dev-Core (375EC13C-06E4-48FB-B500-84F0262A717E): 4
LogDevObjectVersion:   Dev-Editor (E4B068ED-F494-42E9-A231-DA0B2E46BB41): 40
LogDevObjectVersion:   Dev-Framework (CFFC743F-43B0-4480-9391-14DF171D2073): 37
LogDevObjectVersion:   Dev-Mobile (B02B49B5-BB20-44E9-A304-32B752E40360): 3
LogDevObjectVersion:   Dev-Networking (A4E4105C-59A1-49B5-A7C5-40C4547EDFEE): 0
LogDevObjectVersion:   Dev-Online (39C831C9-5AE6-47DC-9A44-9C173E1C8E7C): 0
LogDevObjectVersion:   Dev-Physics (78F01B33-EBEA-4F98-B9B4-84EACCB95AA2): 14
LogDevObjectVersion:   Dev-Platform (6631380F-2D4D-43E0-8009-CF276956A95A): 0
LogDevObjectVersion:   Dev-Rendering (12F88B9F-8875-4AFC-A67C-D90C383ABD29): 45
LogDevObjectVersion:   Dev-Sequencer (7B5AE74C-D270-4C10-A958-57980B212A5A): 13
LogDevObjectVersion:   Dev-VR (D7296918-1DD6-4BDD-9DE2-64A83CC13884): 3
LogDevObjectVersion:   Dev-LoadTimes (C2A15278-BFE7-4AFE-6C17-90FF531DF755): 1
LogDevObjectVersion:   Private-Geometry (6EACA3D4-40EC-4CC1-B786-8BED09428FC5): 3
LogDevObjectVersion:   Dev-AnimPhys (29E575DD-E0A3-4627-9D10-D276232CDCEA): 17
LogDevObjectVersion:   Dev-Anim (AF43A65D-7FD3-4947-9873-3E8ED9C1BB05): 15
LogDevObjectVersion:   Dev-ReflectionCapture (6B266CEC-1EC7-4B8F-A30B-E4D90942FC07): 1
LogDevObjectVersion:   Dev-Automation (0DF73D61-A23F-47EA-B727-89E90C41499A): 1
LogDevObjectVersion:   FortniteMain (601D1886-AC64-4F84-AA16-D3DE0DEAC7D6): 47
LogDevObjectVersion:   FortniteRelease (E7086368-6B23-4C58-8439-1B7016265E91): 1
LogDevObjectVersion:   Dev-Enterprise (9DFFBCD6-494F-0158-E221-12823C92A888): 10
LogDevObjectVersion:   Dev-Niagara (F2AED0AC-9AFE-416F-8664-AA7FFA26D6FC): 1
LogDevObjectVersion:   Dev-Destruction (174F1F0B-B4C6-45A5-B13F-2EE8D0FB917D): 10
LogDevObjectVersion:   Dev-Physics-Ext (35F94A83-E258-406C-A318-09F59610247C): 41
LogDevObjectVersion:   Dev-PhysicsMaterial-Chaos (B68FC16E-8B1B-42E2-B453-215C058844FE): 1
LogDevObjectVersion:   Dev-CineCamera (B2E18506-4273-CFC2-A54E-F4BB758BBA07): 1
LogDevObjectVersion:   Dev-VirtualProduction (64F58936-FD1B-42BA-BA96-7289D5D0FA4E): 1
LogDevObjectVersion:   Dev-MediaFramework (6F0ED827-A609-4895-9C91-998D90180EA4): 2
LogInit: Presizing for max 25165824 objects, including 0 objects not considered by GC, pre-allocating 0 bytes for permanent pool.
LogConfig: Applying CVar settings from Section [/Script/Engine.StreamingSettings] File [C:/Users/igorc/Documents/Unreal Projects/FirstP/CompGrafica/Saved/Config/Windows/Engine.ini]
LogConfig: Setting CVar [[s.MinBulkDataSizeForAsyncLoading:131072]]
LogConfig: Setting CVar [[s.AsyncLoadingThreadEnabled:0]]
LogConfig: Setting CVar [[s.EventDrivenLoaderEnabled:1]]
LogConfig: Setting CVar [[s.WarnIfTimeLimitExceeded:0]]
LogConfig: Setting CVar [[s.TimeLimitExceededMultiplier:1.5]]
LogConfig: Setting CVar [[s.TimeLimitExceededMinTime:0.005]]
LogConfig: Setting CVar [[s.UseBackgroundLevelStreaming:1]]
LogConfig: Setting CVar [[s.PriorityAsyncLoadingExtraTime:15.0]]
LogConfig: Setting CVar [[s.LevelStreamingActorsUpdateTimeLimit:5.0]]
LogConfig: Setting CVar [[s.PriorityLevelStreamingActorsUpdateExtraTime:5.0]]
LogConfig: Setting CVar [[s.LevelStreamingComponentsRegistrationGranularity:10]]
LogConfig: Setting CVar [[s.UnregisterComponentsTimeLimit:1.0]]
LogConfig: Setting CVar [[s.LevelStreamingComponentsUnregistrationGranularity:5]]
LogConfig: Setting CVar [[s.FlushStreamingOnExit:1]]
LogInit: Object subsystem initialized
LogConfig: Setting CVar [[con.DebugEarlyDefault:1]]
LogConfig: Setting CVar [[r.setres:1280x720]]
[2024.05.14-01.15.55:549][  0]LogConfig: Setting CVar [[r.VSync:0]]
[2024.05.14-01.15.55:549][  0]LogConfig: Setting CVar [[r.RHICmdBypass:0]]
[2024.05.14-01.15.55:549][  0]LogConfig: Applying CVar settings from Section [/Script/Engine.RendererSettings] File [C:/Users/igorc/Documents/Unreal Projects/FirstP/CompGrafica/Saved/Config/Windows/Engine.ini]
[2024.05.14-01.15.55:549][  0]LogConfig: Setting CVar [[r.GPUCrashDebugging:0]]
[2024.05.14-01.15.55:549][  0]LogConfig: Applying CVar settings from Section [/Script/Engine.RendererOverrideSettings] File [C:/Users/igorc/Documents/Unreal Projects/FirstP/CompGrafica/Saved/Config/Windows/Engine.ini]
[2024.05.14-01.15.55:549][  0]LogConfig: Applying CVar settings from Section [/Script/Engine.StreamingSettings] File [C:/Users/igorc/Documents/Unreal Projects/FirstP/CompGrafica/Saved/Config/Windows/Engine.ini]
[2024.05.14-01.15.55:549][  0]LogConfig: Setting CVar [[s.MinBulkDataSizeForAsyncLoading:131072]]
[2024.05.14-01.15.55:549][  0]LogConfig: Setting CVar [[s.AsyncLoadingThreadEnabled:0]]
[2024.05.14-01.15.55:549][  0]LogConfig: Setting CVar [[s.EventDrivenLoaderEnabled:1]]
[2024.05.14-01.15.55:549][  0]LogConfig: Setting CVar [[s.WarnIfTimeLimitExceeded:0]]
[2024.05.14-01.15.55:549][  0]LogConfig: Setting CVar [[s.TimeLimitExceededMultiplier:1.5]]
[2024.05.14-01.15.55:549][  0]LogConfig: Setting CVar [[s.TimeLimitExceededMinTime:0.005]]
[2024.05.14-01.15.55:549][  0]LogConfig: Setting CVar [[s.UseBackgroundLevelStreaming:1]]
[2024.05.14-01.15.55:549][  0]LogConfig: Setting CVar [[s.PriorityAsyncLoadingExtraTime:15.0]]
[2024.05.14-01.15.55:549][  0]LogConfig: Setting CVar [[s.LevelStreamingActorsUpdateTimeLimit:5.0]]
[2024.05.14-01.15.55:549][  0]LogConfig: Setting CVar [[s.PriorityLevelStreamingActorsUpdateExtraTime:5.0]]
[2024.05.14-01.15.55:549][  0]LogConfig: Setting CVar [[s.LevelStreamingComponentsRegistrationGranularity:10]]
[2024.05.14-01.15.55:549][  0]LogConfig: Setting CVar [[s.UnregisterComponentsTimeLimit:1.0]]
[2024.05.14-01.15.55:549][  0]LogConfig: Setting CVar [[s.LevelStreamingComponentsUnregistrationGranularity:5]]
[2024.05.14-01.15.55:549][  0]LogConfig: Setting CVar [[s.FlushStreamingOnExit:1]]
[2024.05.14-01.15.55:549][  0]LogConfig: Applying CVar settings from Section [/Script/Engine.GarbageCollectionSettings] File [C:/Users/igorc/Documents/Unreal Projects/FirstP/CompGrafica/Saved/Config/Windows/Engine.ini]
[2024.05.14-01.15.55:549][  0]LogConfig: Setting CVar [[gc.MaxObjectsNotConsideredByGC:1]]
[2024.05.14-01.15.55:549][  0]LogConfig: Setting CVar [[gc.SizeOfPermanentObjectPool:0]]
[2024.05.14-01.15.55:549][  0]LogConfig: Setting CVar [[gc.FlushStreamingOnGC:0]]
[2024.05.14-01.15.55:549][  0]LogConfig: Setting CVar [[gc.NumRetriesBeforeForcingGC:10]]
[2024.05.14-01.15.55:549][  0]LogConfig: Setting CVar [[gc.AllowParallelGC:1]]
[2024.05.14-01.15.55:549][  0]LogConfig: Setting CVar [[gc.TimeBetweenPurgingPendingKillObjects:61.1]]
[2024.05.14-01.15.55:549][  0]LogConfig: Setting CVar [[gc.MaxObjectsInEditor:25165824]]
[2024.05.14-01.15.55:549][  0]LogConfig: Setting CVar [[gc.IncrementalBeginDestroyEnabled:1]]
[2024.05.14-01.15.55:549][  0]LogConfig: Setting CVar [[gc.CreateGCClusters:1]]
[2024.05.14-01.15.55:549][  0]LogConfig: Setting CVar [[gc.MinGCClusterSize:5]]
[2024.05.14-01.15.55:549][  0]LogConfig: Setting CVar [[gc.ActorClusteringEnabled:0]]
[2024.05.14-01.15.55:549][  0]LogConfig: Setting CVar [[gc.BlueprintClusteringEnabled:0]]
[2024.05.14-01.15.55:549][  0]LogConfig: Setting CVar [[gc.UseDisregardForGCOnDedicatedServers:0]]
[2024.05.14-01.15.55:549][  0]LogConfig: Setting CVar [[gc.MultithreadedDestructionEnabled:1]]
[2024.05.14-01.15.55:549][  0]LogConfig: Applying CVar settings from Section [/Script/Engine.NetworkSettings] File [C:/Users/igorc/Documents/Unreal Projects/FirstP/CompGrafica/Saved/Config/Windows/Engine.ini]
[2024.05.14-01.15.55:549][  0]LogConfig: Applying CVar settings from Section [/Script/UnrealEd.CookerSettings] File [C:/Users/igorc/Documents/Unreal Projects/FirstP/CompGrafica/Saved/Config/Windows/Engine.ini]
[2024.05.14-01.15.55:560][  0]LogConfig: Applying CVar settings from Section [ViewDistanceQuality@3] File [C:/Users/igorc/Documents/Unreal Projects/FirstP/CompGrafica/Saved/Config/Windows/Scalability.ini]
[2024.05.14-01.15.55:560][  0]LogConfig: Setting CVar [[r.SkeletalMeshLODBias:0]]
[2024.05.14-01.15.55:560][  0]LogConfig: Setting CVar [[r.ViewDistanceScale:1.0]]
[2024.05.14-01.15.55:560][  0]LogConfig: Applying CVar settings from Section [AntiAliasingQuality@3] File [C:/Users/igorc/Documents/Unreal Projects/FirstP/CompGrafica/Saved/Config/Windows/Scalability.ini]
[2024.05.14-01.15.55:560][  0]LogConfig: Setting CVar [[r.PostProcessAAQuality:4]]
[2024.05.14-01.15.55:560][  0]LogConfig: Applying CVar settings from Section [ShadowQuality@3] File [C:/Users/igorc/Documents/Unreal Projects/FirstP/CompGrafica/Saved/Config/Windows/Scalability.ini]
[2024.05.14-01.15.55:560][  0]LogConfig: Setting CVar [[r.LightFunctionQuality:1]]
[2024.05.14-01.15.55:560][  0]LogConfig: Setting CVar [[r.ShadowQuality:5]]
[2024.05.14-01.15.55:560][  0]LogConfig: Setting CVar [[r.Shadow.CSM.MaxCascades:10]]
[2024.05.14-01.15.55:560][  0]LogConfig: Setting CVar [[r.Shadow.MaxResolution:2048]]
[2024.05.14-01.15.55:560][  0]LogConfig: Setting CVar [[r.Shadow.MaxCSMResolution:2048]]
[2024.05.14-01.15.55:560][  0]LogConfig: Setting CVar [[r.Shadow.RadiusThreshold:0.01]]
[2024.05.14-01.15.55:560][  0]LogConfig: Setting CVar [[r.Shadow.DistanceScale:1.0]]
[2024.05.14-01.15.55:560][  0]LogConfig: Setting CVar [[r.Shadow.CSM.TransitionScale:1.0]]
[2024.05.14-01.15.55:560][  0]LogConfig: Setting CVar [[r.Shadow.PreShadowResolutionFactor:1.0]]
[2024.05.14-01.15.55:560][  0]LogConfig: Setting CVar [[r.DistanceFieldShadowing:1]]
[2024.05.14-01.15.55:560][  0]LogConfig: Setting CVar [[r.DistanceFieldAO:1]]
[2024.05.14-01.15.55:560][  0]LogConfig: Setting CVar [[r.AOQuality:2]]
[2024.05.14-01.15.55:560][  0]LogConfig: Setting CVar [[r.VolumetricFog:1]]
[2024.05.14-01.15.55:560][  0]LogConfig: Setting CVar [[r.VolumetricFog.GridPixelSize:8]]
[2024.05.14-01.15.55:560][  0]LogConfig: Setting CVar [[r.VolumetricFog.GridSizeZ:128]]
[2024.05.14-01.15.55:560][  0]LogConfig: Setting CVar [[r.VolumetricFog.HistoryMissSupersampleCount:4]]
[2024.05.14-01.15.55:560][  0]LogConfig: Setting CVar [[r.LightMaxDrawDistanceScale:1]]
[2024.05.14-01.15.55:560][  0]LogConfig: Setting CVar [[r.CapsuleShadows:1]]
[2024.05.14-01.15.55:560][  0]LogConfig: Applying CVar settings from Section [PostProcessQuality@3] File [C:/Users/igorc/Documents/Unreal Projects/FirstP/CompGrafica/Saved/Config/Windows/Scalability.ini]
[2024.05.14-01.15.55:560][  0]LogConfig: Setting CVar [[r.MotionBlurQuality:4]]
[2024.05.14-01.15.55:560][  0]LogConfig: Setting CVar [[r.AmbientOcclusionMipLevelFactor:0.4]]
[2024.05.14-01.15.55:560][  0]LogConfig: Setting CVar [[r.AmbientOcclusionMaxQuality:100]]
[2024.05.14-01.15.55:560][  0]LogConfig: Setting CVar [[r.AmbientOcclusionLevels:-1]]
[2024.05.14-01.15.55:560][  0]LogConfig: Setting CVar [[r.AmbientOcclusionRadiusScale:1.0]]
[2024.05.14-01.15.55:560][  0]LogConfig: Setting CVar [[r.DepthOfFieldQuality:2]]
[2024.05.14-01.15.55:560][  0]LogConfig: Setting CVar [[r.RenderTargetPoolMin:400]]
[2024.05.14-01.15.55:560][  0]LogConfig: Setting CVar [[r.LensFlareQuality:2]]
[2024.05.14-01.15.55:560][  0]LogConfig: Setting CVar [[r.SceneColorFringeQuality:1]]
[2024.05.14-01.15.55:560][  0]LogConfig: Setting CVar [[r.EyeAdaptationQuality:2]]
[2024.05.14-01.15.55:560][  0]LogConfig: Setting CVar [[r.BloomQuality:5]]
[2024.05.14-01.15.55:560][  0]LogConfig: Setting CVar [[r.FastBlurThreshold:100]]
[2024.05.14-01.15.55:560][  0]LogConfig: Setting CVar [[r.Upscale.Quality:3]]
[2024.05.14-01.15.55:560][  0]LogConfig: Setting CVar [[r.Tonemapper.GrainQuantization:1]]
[2024.05.14-01.15.55:560][  0]LogConfig: Setting CVar [[r.LightShaftQuality:1]]
[2024.05.14-01.15.55:560][  0]LogConfig: Setting CVar [[r.Filter.SizeScale:1]]
[2024.05.14-01.15.55:560][  0]LogConfig: Setting CVar [[r.Tonemapper.Quality:5]]
[2024.05.14-01.15.55:560][  0]LogConfig: Setting CVar [[r.DOF.Gather.AccumulatorQuality:1        ; higher gathering accumulator quality]]
[2024.05.14-01.15.55:560][  0]LogConfig: Setting CVar [[r.DOF.Gather.PostfilterMethod:1          ; Median3x3 postfilering method]]
[2024.05.14-01.15.55:560][  0]LogConfig: Setting CVar [[r.DOF.Gather.EnableBokehSettings:0       ; no bokeh simulation when gathering]]
[2024.05.14-01.15.55:560][  0]LogConfig: Setting CVar [[r.DOF.Gather.RingCount:4                 ; medium number of samples when gathering]]
[2024.05.14-01.15.55:560][  0]LogConfig: Setting CVar [[r.DOF.Scatter.ForegroundCompositing:1    ; additive foreground scattering]]
[2024.05.14-01.15.55:560][  0]LogConfig: Setting CVar [[r.DOF.Scatter.BackgroundCompositing:2    ; additive background scattering]]
[2024.05.14-01.15.55:560][  0]LogConfig: Setting CVar [[r.DOF.Scatter.EnableBokehSettings:1      ; bokeh simulation when scattering]]
[2024.05.14-01.15.55:560][  0]LogConfig: Setting CVar [[r.DOF.Scatter.MaxSpriteRatio:0.1         ; only a maximum of 10% of scattered bokeh]]
[2024.05.14-01.15.55:560][  0]LogConfig: Setting CVar [[r.DOF.Recombine.Quality:1                ; cheap slight out of focus]]
[2024.05.14-01.15.55:560][  0]LogConfig: Setting CVar [[r.DOF.Recombine.EnableBokehSettings:0    ; no bokeh simulation on slight out of focus]]
[2024.05.14-01.15.55:560][  0]LogConfig: Setting CVar [[r.DOF.TemporalAAQuality:1                ; more stable temporal accumulation]]
[2024.05.14-01.15.55:560][  0]LogConfig: Setting CVar [[r.DOF.Kernel.MaxForegroundRadius:0.025]]
[2024.05.14-01.15.55:560][  0]LogConfig: Setting CVar [[r.DOF.Kernel.MaxBackgroundRadius:0.025]]
[2024.05.14-01.15.55:560][  0]LogConfig: Applying CVar settings from Section [TextureQuality@3] File [C:/Users/igorc/Documents/Unreal Projects/FirstP/CompGrafica/Saved/Config/Windows/Scalability.ini]
[2024.05.14-01.15.55:560][  0]LogConfig: Setting CVar [[r.Streaming.MipBias:0]]
[2024.05.14-01.15.55:560][  0]LogConfig: Setting CVar [[r.Streaming.AmortizeCPUToGPUCopy:0]]
[2024.05.14-01.15.55:560][  0]LogConfig: Setting CVar [[r.Streaming.MaxNumTexturesToStreamPerFrame:0]]
[2024.05.14-01.15.55:560][  0]LogConfig: Setting CVar [[r.Streaming.Boost:1]]
[2024.05.14-01.15.55:560][  0]LogConfig: Setting CVar [[r.MaxAnisotropy:8]]
[2024.05.14-01.15.55:560][  0]LogConfig: Setting CVar [[r.VT.MaxAnisotropy:8]]
[2024.05.14-01.15.55:560][  0]LogConfig: Setting CVar [[r.Streaming.LimitPoolSizeToVRAM:0]]
[2024.05.14-01.15.55:560][  0]LogConfig: Setting CVar [[r.Streaming.PoolSize:1000]]
[2024.05.14-01.15.55:560][  0]LogConfig: Setting CVar [[r.Streaming.MaxEffectiveScreenSize:0]]
[2024.05.14-01.15.55:560][  0]LogConfig: Applying CVar settings from Section [EffectsQuality@3] File [C:/Users/igorc/Documents/Unreal Projects/FirstP/CompGrafica/Saved/Config/Windows/Scalability.ini]
[2024.05.14-01.15.55:560][  0]LogConfig: Setting CVar [[r.TranslucencyLightingVolumeDim:64]]
[2024.05.14-01.15.55:560][  0]LogConfig: Setting CVar [[r.RefractionQuality:2]]
[2024.05.14-01.15.55:560][  0]LogConfig: Setting CVar [[r.SSR.Quality:3]]
[2024.05.14-01.15.55:561][  0]LogConfig: Setting CVar [[r.SSR.HalfResSceneColor:0]]
[2024.05.14-01.15.55:561][  0]LogConfig: Setting CVar [[r.SceneColorFormat:4]]
[2024.05.14-01.15.55:561][  0]LogConfig: Setting CVar [[r.DetailMode:2]]
[2024.05.14-01.15.55:561][  0]LogConfig: Setting CVar [[r.TranslucencyVolumeBlur:1]]
[2024.05.14-01.15.55:561][  0]LogConfig: Setting CVar [[r.MaterialQualityLevel:1 ; High quality]]
[2024.05.14-01.15.55:561][  0]LogConfig: Setting CVar [[r.AnisotropicMaterials:1]]
[2024.05.14-01.15.55:561][  0]LogConfig: Setting CVar [[r.SSS.Scale:1]]
[2024.05.14-01.15.55:561][  0]LogConfig: Setting CVar [[r.SSS.SampleSet:2]]
[2024.05.14-01.15.55:561][  0]LogConfig: Setting CVar [[r.SSS.Quality:1]]
[2024.05.14-01.15.55:561][  0]LogConfig: Setting CVar [[r.SSS.HalfRes:0]]
[2024.05.14-01.15.55:561][  0]LogConfig: Setting CVar [[r.SSGI.Quality:3]]
[2024.05.14-01.15.55:561][  0]LogConfig: Setting CVar [[r.EmitterSpawnRateScale:1.0]]
[2024.05.14-01.15.55:561][  0]LogConfig: Setting CVar [[r.ParticleLightQuality:2]]
[2024.05.14-01.15.55:561][  0]LogConfig: Setting CVar [[r.SkyAtmosphere.AerialPerspectiveLUT.FastApplyOnOpaque:1 ; Always have FastSkyLUT 1 in this case to avoid wrong sky]]
[2024.05.14-01.15.55:561][  0]LogConfig: Setting CVar [[r.SkyAtmosphere.AerialPerspectiveLUT.SampleCountMaxPerSlice:4]]
[2024.05.14-01.15.55:561][  0]LogConfig: Setting CVar [[r.SkyAtmosphere.AerialPerspectiveLUT.DepthResolution:16.0]]
[2024.05.14-01.15.55:561][  0]LogConfig: Setting CVar [[r.SkyAtmosphere.FastSkyLUT:1]]
[2024.05.14-01.15.55:561][  0]LogConfig: Setting CVar [[r.SkyAtmosphere.FastSkyLUT.SampleCountMin:4.0]]
[2024.05.14-01.15.55:561][  0]LogConfig: Setting CVar [[r.SkyAtmosphere.FastSkyLUT.SampleCountMax:128.0]]
[2024.05.14-01.15.55:561][  0]LogConfig: Setting CVar [[r.SkyAtmosphere.SampleCountMin:4.0]]
[2024.05.14-01.15.55:561][  0]LogConfig: Setting CVar [[r.SkyAtmosphere.SampleCountMax:128.0]]
[2024.05.14-01.15.55:561][  0]LogConfig: Setting CVar [[r.SkyAtmosphere.TransmittanceLUT.UseSmallFormat:0]]
[2024.05.14-01.15.55:561][  0]LogConfig: Setting CVar [[r.SkyAtmosphere.TransmittanceLUT.SampleCount:10.0]]
[2024.05.14-01.15.55:561][  0]LogConfig: Setting CVar [[r.SkyAtmosphere.MultiScatteringLUT.SampleCount:15.0]]
[2024.05.14-01.15.55:561][  0]LogConfig: Setting CVar [[r.SkyLight.RealTimeReflectionCapture:1]]
[2024.05.14-01.15.55:561][  0]LogConfig: Applying CVar settings from Section [FoliageQuality@3] File [C:/Users/igorc/Documents/Unreal Projects/FirstP/CompGrafica/Saved/Config/Windows/Scalability.ini]
[2024.05.14-01.15.55:561][  0]LogConfig: Setting CVar [[foliage.DensityScale:1.0]]
[2024.05.14-01.15.55:561][  0]LogConfig: Setting CVar [[grass.DensityScale:1.0]]
[2024.05.14-01.15.55:561][  0]LogConfig: Applying CVar settings from Section [ShadingQuality@3] File [C:/Users/igorc/Documents/Unreal Projects/FirstP/CompGrafica/Saved/Config/Windows/Scalability.ini]
[2024.05.14-01.15.55:561][  0]LogConfig: Setting CVar [[r.HairStrands.SkyLighting.IntegrationType:2]]
[2024.05.14-01.15.55:561][  0]LogConfig: Setting CVar [[r.HairStrands.SkyAO.SampleCount:4]]
[2024.05.14-01.15.55:561][  0]LogConfig: Setting CVar [[r.HairStrands.Visibility.MSAA.SamplePerPixel:4]]
[2024.05.14-01.15.55:561][  0]LogInit: Selected Device Profile: [Windows]
[2024.05.14-01.15.55:561][  0]LogInit: Applying CVar settings loaded from the selected device profile: [Windows]
[2024.05.14-01.15.55:561][  0]LogHAL: Display: Platform has ~ 16 GB [16944734208 / 17179869184 / 16], which maps to Larger [LargestMinGB=32, LargerMinGB=12, DefaultMinGB=8, SmallerMinGB=6, SmallestMinGB=0)
[2024.05.14-01.15.55:561][  0]LogInit: Going up to parent DeviceProfile []
[2024.05.14-01.15.55:561][  0]LogConfig: Applying CVar settings from Section [ViewDistanceQuality@3] File [C:/Users/igorc/Documents/Unreal Projects/FirstP/CompGrafica/Saved/Config/Windows/Scalability.ini]
[2024.05.14-01.15.55:561][  0]LogConfig: Setting CVar [[r.SkeletalMeshLODBias:0]]
[2024.05.14-01.15.55:561][  0]LogConfig: Setting CVar [[r.ViewDistanceScale:1.0]]
[2024.05.14-01.15.55:561][  0]LogConfig: Applying CVar settings from Section [AntiAliasingQuality@3] File [C:/Users/igorc/Documents/Unreal Projects/FirstP/CompGrafica/Saved/Config/Windows/Scalability.ini]
[2024.05.14-01.15.55:561][  0]LogConfig: Setting CVar [[r.PostProcessAAQuality:4]]
[2024.05.14-01.15.55:561][  0]LogConfig: Applying CVar settings from Section [ShadowQuality@3] File [C:/Users/igorc/Documents/Unreal Projects/FirstP/CompGrafica/Saved/Config/Windows/Scalability.ini]
[2024.05.14-01.15.55:561][  0]LogConfig: Setting CVar [[r.LightFunctionQuality:1]]
[2024.05.14-01.15.55:561][  0]LogConfig: Setting CVar [[r.ShadowQuality:5]]
[2024.05.14-01.15.55:561][  0]LogConfig: Setting CVar [[r.Shadow.CSM.MaxCascades:10]]
[2024.05.14-01.15.55:561][  0]LogConfig: Setting CVar [[r.Shadow.MaxResolution:2048]]
[2024.05.14-01.15.55:561][  0]LogConfig: Setting CVar [[r.Shadow.MaxCSMResolution:2048]]
[2024.05.14-01.15.55:561][  0]LogConfig: Setting CVar [[r.Shadow.RadiusThreshold:0.01]]
[2024.05.14-01.15.55:561][  0]LogConfig: Setting CVar [[r.Shadow.DistanceScale:1.0]]
[2024.05.14-01.15.55:561][  0]LogConfig: Setting CVar [[r.Shadow.CSM.TransitionScale:1.0]]
[2024.05.14-01.15.55:561][  0]LogConfig: Setting CVar [[r.Shadow.PreShadowResolutionFactor:1.0]]
[2024.05.14-01.15.55:561][  0]LogConfig: Setting CVar [[r.DistanceFieldShadowing:1]]
[2024.05.14-01.15.55:561][  0]LogConfig: Setting CVar [[r.DistanceFieldAO:1]]
[2024.05.14-01.15.55:561][  0]LogConfig: Setting CVar [[r.AOQuality:2]]
[2024.05.14-01.15.55:561][  0]LogConfig: Setting CVar [[r.VolumetricFog:1]]
[2024.05.14-01.15.55:561][  0]LogConfig: Setting CVar [[r.VolumetricFog.GridPixelSize:8]]
[2024.05.14-01.15.55:561][  0]LogConfig: Setting CVar [[r.VolumetricFog.GridSizeZ:128]]
[2024.05.14-01.15.55:561][  0]LogConfig: Setting CVar [[r.VolumetricFog.HistoryMissSupersampleCount:4]]
[2024.05.14-01.15.55:561][  0]LogConfig: Setting CVar [[r.LightMaxDrawDistanceScale:1]]
[2024.05.14-01.15.55:561][  0]LogConfig: Setting CVar [[r.CapsuleShadows:1]]
[2024.05.14-01.15.55:561][  0]LogConfig: Applying CVar settings from Section [PostProcessQuality@3] File [C:/Users/igorc/Documents/Unreal Projects/FirstP/CompGrafica/Saved/Config/Windows/Scalability.ini]
[2024.05.14-01.15.55:561][  0]LogConfig: Setting CVar [[r.MotionBlurQuality:4]]
[2024.05.14-01.15.55:561][  0]LogConfig: Setting CVar [[r.AmbientOcclusionMipLevelFactor:0.4]]
[2024.05.14-01.15.55:561][  0]LogConfig: Setting CVar [[r.AmbientOcclusionMaxQuality:100]]
[2024.05.14-01.15.55:561][  0]LogConfig: Setting CVar [[r.AmbientOcclusionLevels:-1]]
[2024.05.14-01.15.55:561][  0]LogConfig: Setting CVar [[r.AmbientOcclusionRadiusScale:1.0]]
[2024.05.14-01.15.55:561][  0]LogConfig: Setting CVar [[r.DepthOfFieldQuality:2]]
[2024.05.14-01.15.55:561][  0]LogConfig: Setting CVar [[r.RenderTargetPoolMin:400]]
[2024.05.14-01.15.55:561][  0]LogConfig: Setting CVar [[r.LensFlareQuality:2]]
[2024.05.14-01.15.55:561][  0]LogConfig: Setting CVar [[r.SceneColorFringeQuality:1]]
[2024.05.14-01.15.55:561][  0]LogConfig: Setting CVar [[r.EyeAdaptationQuality:2]]
[2024.05.14-01.15.55:561][  0]LogConfig: Setting CVar [[r.BloomQuality:5]]
[2024.05.14-01.15.55:561][  0]LogConfig: Setting CVar [[r.FastBlurThreshold:100]]
[2024.05.14-01.15.55:561][  0]LogConfig: Setting CVar [[r.Upscale.Quality:3]]
[2024.05.14-01.15.55:561][  0]LogConfig: Setting CVar [[r.Tonemapper.GrainQuantization:1]]
[2024.05.14-01.15.55:561][  0]LogConfig: Setting CVar [[r.LightShaftQuality:1]]
[2024.05.14-01.15.55:561][  0]LogConfig: Setting CVar [[r.Filter.SizeScale:1]]
[2024.05.14-01.15.55:561][  0]LogConfig: Setting CVar [[r.Tonemapper.Quality:5]]
[2024.05.14-01.15.55:561][  0]LogConfig: Setting CVar [[r.DOF.Gather.AccumulatorQuality:1        ; higher gathering accumulator quality]]
[2024.05.14-01.15.55:561][  0]LogConfig: Setting CVar [[r.DOF.Gather.PostfilterMethod:1          ; Median3x3 postfilering method]]
[2024.05.14-01.15.55:561][  0]LogConfig: Setting CVar [[r.DOF.Gather.EnableBokehSettings:0       ; no bokeh simulation when gathering]]
[2024.05.14-01.15.55:561][  0]LogConfig: Setting CVar [[r.DOF.Gather.RingCount:4                 ; medium number of samples when gathering]]
[2024.05.14-01.15.55:561][  0]LogConfig: Setting CVar [[r.DOF.Scatter.ForegroundCompositing:1    ; additive foreground scattering]]
[2024.05.14-01.15.55:562][  0]LogConfig: Setting CVar [[r.DOF.Scatter.BackgroundCompositing:2    ; additive background scattering]]
[2024.05.14-01.15.55:562][  0]LogConfig: Setting CVar [[r.DOF.Scatter.EnableBokehSettings:1      ; bokeh simulation when scattering]]
[2024.05.14-01.15.55:562][  0]LogConfig: Setting CVar [[r.DOF.Scatter.MaxSpriteRatio:0.1         ; only a maximum of 10% of scattered bokeh]]
[2024.05.14-01.15.55:562][  0]LogConfig: Setting CVar [[r.DOF.Recombine.Quality:1                ; cheap slight out of focus]]
[2024.05.14-01.15.55:562][  0]LogConfig: Setting CVar [[r.DOF.Recombine.EnableBokehSettings:0    ; no bokeh simulation on slight out of focus]]
[2024.05.14-01.15.55:562][  0]LogConfig: Setting CVar [[r.DOF.TemporalAAQuality:1                ; more stable temporal accumulation]]
[2024.05.14-01.15.55:562][  0]LogConfig: Setting CVar [[r.DOF.Kernel.MaxForegroundRadius:0.025]]
[2024.05.14-01.15.55:562][  0]LogConfig: Setting CVar [[r.DOF.Kernel.MaxBackgroundRadius:0.025]]
[2024.05.14-01.15.55:562][  0]LogConfig: Applying CVar settings from Section [TextureQuality@3] File [C:/Users/igorc/Documents/Unreal Projects/FirstP/CompGrafica/Saved/Config/Windows/Scalability.ini]
[2024.05.14-01.15.55:562][  0]LogConfig: Setting CVar [[r.Streaming.MipBias:0]]
[2024.05.14-01.15.55:562][  0]LogConfig: Setting CVar [[r.Streaming.AmortizeCPUToGPUCopy:0]]
[2024.05.14-01.15.55:562][  0]LogConfig: Setting CVar [[r.Streaming.MaxNumTexturesToStreamPerFrame:0]]
[2024.05.14-01.15.55:562][  0]LogConfig: Setting CVar [[r.Streaming.Boost:1]]
[2024.05.14-01.15.55:562][  0]LogConfig: Setting CVar [[r.MaxAnisotropy:8]]
[2024.05.14-01.15.55:562][  0]LogConfig: Setting CVar [[r.VT.MaxAnisotropy:8]]
[2024.05.14-01.15.55:562][  0]LogConfig: Setting CVar [[r.Streaming.LimitPoolSizeToVRAM:0]]
[2024.05.14-01.15.55:562][  0]LogConfig: Setting CVar [[r.Streaming.PoolSize:1000]]
[2024.05.14-01.15.55:562][  0]LogConfig: Setting CVar [[r.Streaming.MaxEffectiveScreenSize:0]]
[2024.05.14-01.15.55:562][  0]LogConfig: Applying CVar settings from Section [EffectsQuality@3] File [C:/Users/igorc/Documents/Unreal Projects/FirstP/CompGrafica/Saved/Config/Windows/Scalability.ini]
[2024.05.14-01.15.55:562][  0]LogConfig: Setting CVar [[r.TranslucencyLightingVolumeDim:64]]
[2024.05.14-01.15.55:562][  0]LogConfig: Setting CVar [[r.RefractionQuality:2]]
[2024.05.14-01.15.55:562][  0]LogConfig: Setting CVar [[r.SSR.Quality:3]]
[2024.05.14-01.15.55:562][  0]LogConfig: Setting CVar [[r.SSR.HalfResSceneColor:0]]
[2024.05.14-01.15.55:562][  0]LogConfig: Setting CVar [[r.SceneColorFormat:4]]
[2024.05.14-01.15.55:562][  0]LogConfig: Setting CVar [[r.DetailMode:2]]
[2024.05.14-01.15.55:562][  0]LogConfig: Setting CVar [[r.TranslucencyVolumeBlur:1]]
[2024.05.14-01.15.55:562][  0]LogConfig: Setting CVar [[r.MaterialQualityLevel:1 ; High quality]]
[2024.05.14-01.15.55:562][  0]LogConfig: Setting CVar [[r.AnisotropicMaterials:1]]
[2024.05.14-01.15.55:562][  0]LogConfig: Setting CVar [[r.SSS.Scale:1]]
[2024.05.14-01.15.55:562][  0]LogConfig: Setting CVar [[r.SSS.SampleSet:2]]
[2024.05.14-01.15.55:562][  0]LogConfig: Setting CVar [[r.SSS.Quality:1]]
[2024.05.14-01.15.55:562][  0]LogConfig: Setting CVar [[r.SSS.HalfRes:0]]
[2024.05.14-01.15.55:562][  0]LogConfig: Setting CVar [[r.SSGI.Quality:3]]
[2024.05.14-01.15.55:562][  0]LogConfig: Setting CVar [[r.EmitterSpawnRateScale:1.0]]
[2024.05.14-01.15.55:562][  0]LogConfig: Setting CVar [[r.ParticleLightQuality:2]]
[2024.05.14-01.15.55:562][  0]LogConfig: Setting CVar [[r.SkyAtmosphere.AerialPerspectiveLUT.FastApplyOnOpaque:1 ; Always have FastSkyLUT 1 in this case to avoid wrong sky]]
[2024.05.14-01.15.55:562][  0]LogConfig: Setting CVar [[r.SkyAtmosphere.AerialPerspectiveLUT.SampleCountMaxPerSlice:4]]
[2024.05.14-01.15.55:562][  0]LogConfig: Setting CVar [[r.SkyAtmosphere.AerialPerspectiveLUT.DepthResolution:16.0]]
[2024.05.14-01.15.55:562][  0]LogConfig: Setting CVar [[r.SkyAtmosphere.FastSkyLUT:1]]
[2024.05.14-01.15.55:562][  0]LogConfig: Setting CVar [[r.SkyAtmosphere.FastSkyLUT.SampleCountMin:4.0]]
[2024.05.14-01.15.55:562][  0]LogConfig: Setting CVar [[r.SkyAtmosphere.FastSkyLUT.SampleCountMax:128.0]]
[2024.05.14-01.15.55:562][  0]LogConfig: Setting CVar [[r.SkyAtmosphere.SampleCountMin:4.0]]
[2024.05.14-01.15.55:562][  0]LogConfig: Setting CVar [[r.SkyAtmosphere.SampleCountMax:128.0]]
[2024.05.14-01.15.55:562][  0]LogConfig: Setting CVar [[r.SkyAtmosphere.TransmittanceLUT.UseSmallFormat:0]]
[2024.05.14-01.15.55:562][  0]LogConfig: Setting CVar [[r.SkyAtmosphere.TransmittanceLUT.SampleCount:10.0]]
[2024.05.14-01.15.55:562][  0]LogConfig: Setting CVar [[r.SkyAtmosphere.MultiScatteringLUT.SampleCount:15.0]]
[2024.05.14-01.15.55:562][  0]LogConfig: Setting CVar [[r.SkyLight.RealTimeReflectionCapture:1]]
[2024.05.14-01.15.55:562][  0]LogConfig: Applying CVar settings from Section [FoliageQuality@3] File [C:/Users/igorc/Documents/Unreal Projects/FirstP/CompGrafica/Saved/Config/Windows/Scalability.ini]
[2024.05.14-01.15.55:562][  0]LogConfig: Setting CVar [[foliage.DensityScale:1.0]]
[2024.05.14-01.15.55:562][  0]LogConfig: Setting CVar [[grass.DensityScale:1.0]]
[2024.05.14-01.15.55:562][  0]LogConfig: Applying CVar settings from Section [ShadingQuality@3] File [C:/Users/igorc/Documents/Unreal Projects/FirstP/CompGrafica/Saved/Config/Windows/Scalability.ini]
[2024.05.14-01.15.55:562][  0]LogConfig: Setting CVar [[r.HairStrands.SkyLighting.IntegrationType:2]]
[2024.05.14-01.15.55:562][  0]LogConfig: Setting CVar [[r.HairStrands.SkyAO.SampleCount:4]]
[2024.05.14-01.15.55:562][  0]LogConfig: Setting CVar [[r.HairStrands.Visibility.MSAA.SamplePerPixel:4]]
[2024.05.14-01.15.55:562][  0]LogConfig: Applying CVar settings from Section [Startup] File [../../../Engine/Config/ConsoleVariables.ini]
[2024.05.14-01.15.55:562][  0]LogConfig: Setting CVar [[net.UseAdaptiveNetUpdateFrequency:0]]
[2024.05.14-01.15.55:562][  0]LogConfig: Setting CVar [[p.chaos.AllowCreatePhysxBodies:1]]
[2024.05.14-01.15.55:562][  0]LogConfig: Setting CVar [[fx.SkipVectorVMBackendOptimizations:1]]
[2024.05.14-01.15.55:562][  0]LogConfig: Applying CVar settings from Section [ConsoleVariables] File [C:/Users/igorc/Documents/Unreal Projects/FirstP/CompGrafica/Saved/Config/Windows/Engine.ini]
[2024.05.14-01.15.55:562][  0]LogConfig: Applying CVar settings from Section [ConsoleVariables] File [C:/Users/igorc/Documents/Unreal Projects/FirstP/CompGrafica/Saved/Config/Windows/Editor.ini]
[2024.05.14-01.15.55:562][  0]LogInit: Computer: DESKTOP-CCNL3PP
[2024.05.14-01.15.55:563][  0]LogInit: User: igorc
[2024.05.14-01.15.55:563][  0]LogInit: CPU Page size=4096, Cores=6
[2024.05.14-01.15.55:563][  0]LogInit: High frequency timer resolution =10.000000 MHz
[2024.05.14-01.15.55:563][  0]LogMemory: Memory total: Physical=15.8GB (16GB approx)
[2024.05.14-01.15.55:563][  0]LogMemory: Platform Memory Stats for Windows
[2024.05.14-01.15.55:563][  0]LogMemory: Process Physical Memory: 144.52 MB used, 144.52 MB peak
[2024.05.14-01.15.55:563][  0]LogMemory: Process Virtual Memory: 129.29 MB used, 129.29 MB peak
[2024.05.14-01.15.55:563][  0]LogMemory: Physical Memory: 10280.23 MB used,  5879.52 MB free, 16159.76 MB total
[2024.05.14-01.15.55:563][  0]LogMemory: Virtual Memory: 134211504.00 MB used,  6223.20 MB free, 134217728.00 MB total
[2024.05.14-01.15.55:963][  0]LogWindows: WindowsPlatformFeatures enabled
[2024.05.14-01.15.56:008][  0]LogInit: Physics initialised using underlying interface: PhysX
[2024.05.14-01.15.56:009][  0]LogInit: Overriding language with editor language configuration option (en).
[2024.05.14-01.15.56:009][  0]LogInit: Overriding language with editor locale configuration option (en).
[2024.05.14-01.15.56:190][  0]LogInit: Setting process to per monitor DPI aware
[2024.05.14-01.15.56:203][  0]LogWindowsTextInputMethodSystem: Display: IME system deactivated.
[2024.05.14-01.15.56:215][  0]LogSlate: New Slate User Created.  User Index 0, Is Virtual User: 0
[2024.05.14-01.15.56:215][  0]LogSlate: Slate User Registered.  User Index 0, Is Virtual User: 0
[2024.05.14-01.15.56:319][  0]LogD3D11RHI: Loaded GFSDK_Aftermath_Lib.x64.dll
[2024.05.14-01.15.56:387][  0]LogHMD: Failed to initialize OpenVR with code 110
[2024.05.14-01.15.56:387][  0]LogD3D11RHI: D3D11 min allowed feature level: 11_0
[2024.05.14-01.15.56:387][  0]LogD3D11RHI: D3D11 max allowed feature level: 11_0
[2024.05.14-01.15.56:387][  0]LogD3D11RHI: D3D11 adapters:
[2024.05.14-01.15.56:520][  0]LogD3D11RHI:    0. 'NVIDIA GeForce GTX 1650' (Feature Level 11_0)
[2024.05.14-01.15.56:520][  0]LogD3D11RHI:       3950/0/8079 MB DedicatedVideo/DedicatedSystem/SharedSystem, Outputs:1, VendorId:0x10de
[2024.05.14-01.15.56:555][  0]LogD3D11RHI:    1. 'Intel(R) UHD Graphics' (Feature Level 11_0)
[2024.05.14-01.15.56:555][  0]LogD3D11RHI:       128/0/8079 MB DedicatedVideo/DedicatedSystem/SharedSystem, Outputs:0, VendorId:0x8086
[2024.05.14-01.15.56:558][  0]LogD3D11RHI:    2. 'Microsoft Basic Render Driver' (Feature Level 11_0)
[2024.05.14-01.15.56:558][  0]LogD3D11RHI:       0/0/8079 MB DedicatedVideo/DedicatedSystem/SharedSystem, Outputs:0, VendorId:0x1414
[2024.05.14-01.15.56:558][  0]LogD3D11RHI: Chosen D3D11 Adapter:
[2024.05.14-01.15.56:558][  0]LogD3D11RHI:     Description : NVIDIA GeForce GTX 1650
[2024.05.14-01.15.56:558][  0]LogD3D11RHI:     VendorId    : 10de
[2024.05.14-01.15.56:558][  0]LogD3D11RHI:     DeviceId    : 1f9d
[2024.05.14-01.15.56:558][  0]LogD3D11RHI:     SubSysId    : a641028
[2024.05.14-01.15.56:558][  0]LogD3D11RHI:     Revision    : 00a1
[2024.05.14-01.15.56:558][  0]LogD3D11RHI:     DedicatedVideoMemory : 4141875200 bytes
[2024.05.14-01.15.56:558][  0]LogD3D11RHI:     DedicatedSystemMemory : 0 bytes
[2024.05.14-01.15.56:558][  0]LogD3D11RHI:     SharedSystemMemory : 8472367104 bytes
[2024.05.14-01.15.56:558][  0]LogD3D11RHI:     AdapterLuid : 0 176894
[2024.05.14-01.15.56:565][  0]LogD3D11RHI: Creating new Direct3DDevice
[2024.05.14-01.15.56:565][  0]LogD3D11RHI:     GPU DeviceId: 0x1f9d (for the marketing name, search the web for "GPU Device Id")
[2024.05.14-01.15.56:565][  0]LogWindows: EnumDisplayDevices:
[2024.05.14-01.15.56:566][  0]LogWindows:    0. 'Intel(R) UHD Graphics' (P:1 D:1)
[2024.05.14-01.15.56:566][  0]LogWindows:    1. 'Intel(R) UHD Graphics' (P:0 D:0)
[2024.05.14-01.15.56:566][  0]LogWindows:    2. 'Intel(R) UHD Graphics' (P:0 D:0)
[2024.05.14-01.15.56:566][  0]LogWindows:    3. 'NVIDIA GeForce GTX 1650' (P:0 D:0)
[2024.05.14-01.15.56:567][  0]LogWindows: DebugString: PrimaryIsNotTheChoosenAdapter PrimaryIsNotTheChoosenAdapter PrimaryIsNotTheChoosenAdapter 
[2024.05.14-01.15.56:567][  0]LogD3D11RHI:     Adapter Name: NVIDIA GeForce GTX 1650
[2024.05.14-01.15.56:567][  0]LogD3D11RHI:   Driver Version: 546.80 (internal:31.0.15.4680, unified:546.80)
[2024.05.14-01.15.56:567][  0]LogD3D11RHI:      Driver Date: 2-22-2024
[2024.05.14-01.15.56:567][  0]LogRHI: Texture pool is 2765 MB (70% of 3950 MB)
[2024.05.14-01.15.56:567][  0]LogD3D11RHI: Creating D3DDevice using adapter:
[2024.05.14-01.15.56:567][  0]LogD3D11RHI:     Description : NVIDIA GeForce GTX 1650
[2024.05.14-01.15.56:567][  0]LogD3D11RHI:     VendorId    : 10de
[2024.05.14-01.15.56:567][  0]LogD3D11RHI:     DeviceId    : 1f9d
[2024.05.14-01.15.56:567][  0]LogD3D11RHI:     SubSysId    : a641028
[2024.05.14-01.15.56:567][  0]LogD3D11RHI:     Revision    : 00a1
[2024.05.14-01.15.56:567][  0]LogD3D11RHI:     DedicatedVideoMemory : 4141875200 bytes
[2024.05.14-01.15.56:567][  0]LogD3D11RHI:     DedicatedSystemMemory : 0 bytes
[2024.05.14-01.15.56:567][  0]LogD3D11RHI:     SharedSystemMemory : 8472367104 bytes
[2024.05.14-01.15.56:567][  0]LogD3D11RHI:     AdapterLuid : 0 176894
[2024.05.14-01.15.56:642][  0]LogD3D11RHI: RHI has support for 64 bit atomics
[2024.05.14-01.15.56:642][  0]LogD3D11RHI: Async texture creation enabled
[2024.05.14-01.15.56:642][  0]LogD3D11RHI: Array index from any shader is supported
[2024.05.14-01.15.56:681][  0]LogD3D11RHI: GPU Timing Frequency: 1000.000000 (Debug: 2 2)
[2024.05.14-01.15.56:723][  0]LogRHI: GeForceNow SDK initialized: 1
[2024.05.14-01.15.57:113][  0]LogTargetPlatformManager: Display: Loaded TargetPlatform 'AllDesktop'
[2024.05.14-01.15.57:143][  0]LogTargetPlatformManager: Display: Loaded TargetPlatform 'Android'
[2024.05.14-01.15.57:143][  0]LogTargetPlatformManager: Display: Loaded TargetPlatform 'Android_ASTC'
[2024.05.14-01.15.57:143][  0]LogTargetPlatformManager: Display: Loaded TargetPlatform 'Android_DXT'
[2024.05.14-01.15.57:143][  0]LogTargetPlatformManager: Display: Loaded TargetPlatform 'Android_ETC2'
[2024.05.14-01.15.57:143][  0]LogTargetPlatformManager: Display: Loaded TargetPlatform 'AndroidClient'
[2024.05.14-01.15.57:143][  0]LogTargetPlatformManager: Display: Loaded TargetPlatform 'Android_ASTCClient'
[2024.05.14-01.15.57:143][  0]LogTargetPlatformManager: Display: Loaded TargetPlatform 'Android_DXTClient'
[2024.05.14-01.15.57:143][  0]LogTargetPlatformManager: Display: Loaded TargetPlatform 'Android_ETC2Client'
[2024.05.14-01.15.57:143][  0]LogTargetPlatformManager: Display: Loaded TargetPlatform 'Android_Multi'
[2024.05.14-01.15.57:143][  0]LogTargetPlatformManager: Display: Loaded TargetPlatform 'Android_MultiClient'
[2024.05.14-01.15.57:165][  0]LogTargetPlatformManager: Display: Loaded TargetPlatform 'IOSClient'
[2024.05.14-01.15.57:165][  0]LogTargetPlatformManager: Display: Loaded TargetPlatform 'IOS'
[2024.05.14-01.15.57:175][  0]LogTargetPlatformManager: Display: Loaded TargetPlatform 'Linux'
[2024.05.14-01.15.57:180][  0]LogTargetPlatformManager: Display: Loaded TargetPlatform 'LinuxNoEditor'
[2024.05.14-01.15.57:184][  0]LogTargetPlatformManager: Display: Loaded TargetPlatform 'LinuxClient'
[2024.05.14-01.15.57:190][  0]LogTargetPlatformManager: Display: Loaded TargetPlatform 'LinuxServer'
[2024.05.14-01.15.57:199][  0]LogTargetPlatformManager: Display: Loaded TargetPlatform 'LinuxAArch64NoEditor'
[2024.05.14-01.15.57:205][  0]LogTargetPlatformManager: Display: Loaded TargetPlatform 'LinuxAArch64Client'
[2024.05.14-01.15.57:212][  0]LogTargetPlatformManager: Display: Loaded TargetPlatform 'LinuxAArch64Server'
[2024.05.14-01.15.57:238][  0]LogTargetPlatformManager: Display: Loaded TargetPlatform 'Lumin'
[2024.05.14-01.15.57:238][  0]LogTargetPlatformManager: Display: Loaded TargetPlatform 'LuminClient'
[2024.05.14-01.15.57:247][  0]LogTargetPlatformManager: Display: Loaded TargetPlatform 'MacNoEditor'
[2024.05.14-01.15.57:252][  0]LogTargetPlatformManager: Display: Loaded TargetPlatform 'Mac'
[2024.05.14-01.15.57:257][  0]LogTargetPlatformManager: Display: Loaded TargetPlatform 'MacClient'
[2024.05.14-01.15.57:262][  0]LogTargetPlatformManager: Display: Loaded TargetPlatform 'MacServer'
[2024.05.14-01.15.57:274][  0]LogTargetPlatformManager: Display: Loaded TargetPlatform 'TVOSClient'
[2024.05.14-01.15.57:274][  0]LogTargetPlatformManager: Display: Loaded TargetPlatform 'TVOS'
[2024.05.14-01.15.57:283][  0]LogTargetPlatformManager: Display: Loaded TargetPlatform 'WindowsNoEditor'
[2024.05.14-01.15.57:288][  0]LogTargetPlatformManager: Display: Loaded TargetPlatform 'Windows'
[2024.05.14-01.15.57:295][  0]LogTargetPlatformManager: Display: Loaded TargetPlatform 'WindowsClient'
[2024.05.14-01.15.57:304][  0]LogTargetPlatformManager: Display: Loaded TargetPlatform 'WindowsServer'
[2024.05.14-01.15.57:304][  0]LogTargetPlatformManager: Display: Building Assets For Windows
[2024.05.14-01.15.57:313][  0]LogAudioDebug: Display: Lib vorbis DLL was dynamically loaded.
[2024.05.14-01.15.57:348][  0]LogTextureFormatOodle: Display: Oodle Texture 2.9.0 init RDO Off
[2024.05.14-01.15.57:381][  0]LogRendererCore: Ray tracing is disabled. Reason: r.RayTracing=0.
[2024.05.14-01.15.57:382][  0]LogShaderCompilers: Guid format shader working directory is -14 characters bigger than the processId version (C:/Users/igorc/Documents/Unreal Projects/FirstP/CompGrafica/Intermediate/Shaders/WorkingDirectory/23556/).
[2024.05.14-01.15.57:382][  0]LogShaderCompilers: Cleaned the shader compiler working directory 'C:/Users/igorc/AppData/Local/Temp/UnrealShaderWorkingDir/57DFCB27406071045619238EEC464370/'.
[2024.05.14-01.15.57:382][  0]LogXGEController: Cannot use XGE Controller as Incredibuild is not installed on this machine.
[2024.05.14-01.15.57:382][  0]LogShaderCompilers: Cannot use XGE Shader Compiler as Incredibuild is not installed on this machine.
[2024.05.14-01.15.57:382][  0]LogShaderCompilers: Display: Using Local Shader Compiler.
[2024.05.14-01.15.58:076][  0]LogDerivedDataCache: Display: Max Cache Size: 512 MB
[2024.05.14-01.15.58:142][  0]LogDerivedDataCache: Loaded boot cache 0.07s 94MB C:/Users/igorc/AppData/Local/UnrealEngine/4.27/DerivedDataCache/Boot.ddc.
[2024.05.14-01.15.58:142][  0]LogDerivedDataCache: Display: Loaded Boot cache: C:/Users/igorc/AppData/Local/UnrealEngine/4.27/DerivedDataCache/Boot.ddc
[2024.05.14-01.15.58:142][  0]LogDerivedDataCache: FDerivedDataBackendGraph:  Pak pak cache file C:/Users/igorc/Documents/Unreal Projects/FirstP/CompGrafica/DerivedDataCache/DDC.ddp not found, will not use a pak cache.
[2024.05.14-01.15.58:142][  0]LogDerivedDataCache: Unable to find inner node Pak for hierarchical cache Hierarchy.
[2024.05.14-01.15.58:142][  0]LogDerivedDataCache: FDerivedDataBackendGraph:  CompressedPak pak cache file C:/Users/igorc/Documents/Unreal Projects/FirstP/CompGrafica/DerivedDataCache/Compressed.ddp not found, will not use a pak cache.
[2024.05.14-01.15.58:142][  0]LogDerivedDataCache: Unable to find inner node CompressedPak for hierarchical cache Hierarchy.
[2024.05.14-01.15.58:159][  0]LogDerivedDataCache: Display: Pak cache opened for reading ../../../Engine/DerivedDataCache/Compressed.ddp.
[2024.05.14-01.15.58:159][  0]LogDerivedDataCache: FDerivedDataBackendGraph:  EnterprisePak pak cache file ../../../Enterprise/DerivedDataCache/Compressed.ddp not found, will not use a pak cache.
[2024.05.14-01.15.58:159][  0]LogDerivedDataCache: Unable to find inner node EnterprisePak for hierarchical cache Hierarchy.
[2024.05.14-01.15.58:167][  0]LogDerivedDataCache: Speed tests for C:/Users/igorc/AppData/Local/UnrealEngine/Common/DerivedDataCache took 0.01 seconds
[2024.05.14-01.15.58:167][  0]LogDerivedDataCache: Display: Performance to C:/Users/igorc/AppData/Local/UnrealEngine/Common/DerivedDataCache: Latency=0.03ms. RandomReadSpeed=1285.16MBs, RandomWriteSpeed=129.17MBs. Assigned SpeedClass 'Local'
[2024.05.14-01.15.58:168][  0]LogDerivedDataCache: Using Local data cache path C:/Users/igorc/AppData/Local/UnrealEngine/Common/DerivedDataCache: Writable
[2024.05.14-01.15.58:168][  0]LogDerivedDataCache: Shared data cache path not found in *engine.ini, will not use an Shared cache.
[2024.05.14-01.15.58:168][  0]LogDerivedDataCache: Unable to find inner node Shared for hierarchical cache Hierarchy.
[2024.05.14-01.15.58:215][  0]LogSlate: Using FreeType 2.10.0
[2024.05.14-01.15.58:216][  0]LogSlate: SlateFontServices - WITH_FREETYPE: 1, WITH_HARFBUZZ: 1
[2024.05.14-01.15.58:241][  0]LogAssetRegistry: FAssetRegistry took 0.0025 seconds to start up
[2024.05.14-01.15.58:497][  0]LogInit: Selected Device Profile: [Windows]
[2024.05.14-01.15.58:497][  0]LogInit: Active device profile: [000002BF59929400][000002BF4B93E240 49] Windows
[2024.05.14-01.15.58:497][  0]LogInit: Profiles: [000002BF59929400][000002BF4B93E240 49] Windows, [000002BF598C6A00][000002BF4B49A3C0 49] WindowsNoEditor, [000002BF5992B100][000002BF54DC0540 49] WindowsServer, [000002BF598AFF00][000002BF4ADBA6C0 49] WindowsClient, [000002BF598C7C00][000002BF5723C800 49] IOS, [000002BF598AD700][000002BF4B4AE940 49] iPadAir, [000002BF598C6200][000002BF571CEA80 49] iPadAir2, [000002BF59870400][000002BF5845AD00 49] IPadPro, [000002BF59870500][000002BF571D2D40 49] iPadAir3, [000002BF598AD900][000002BF5845EEC0 49] iPadAir4, [000002BF59873000][000002BF58463040 49] iPadMini2, [000002BF598AFD00][000002BF584671C0 49] iPadMini3, [000002BF59870B00][000002BF5846B340 49] iPadMini4, [000002BF598ACA00][000002BF5701B4C0 49] iPadMini5, [000002BF59863C00][000002BF57023780 49] iPhone6, [000002BF59863D00][000002BF5701F7C0 49] iPodTouch6, [000002BF5992A500][000002BF5702BA80 49] iPhone7, [000002BF5992A300][000002BF57027AC0 49] iPodTouch7, [000002BF59860600][000002BF5702E0C0 49] iPhone5S, [000002BF59872E00][000002BF57032240 49] iPhone6Plus, [000002BF59861F00][000002BF570363C0 49] iPhone6S, [000002BF59871300][000002BF5703A540 49] iPhone6SPlus, [000002BF59929300][000002BF5703E6C0 49] iPhone7Plus, [000002BF59872A00][000002BF585FC840 49] iPhoneSE, [000002BF59928B00][000002BF58456980 49] iPhone8, [000002BF59872400][000002BF58600AC0 49] iPhone8Plus, [000002BF59928100][000002BF58604C00 49] iPhoneX, [000002BF59871000][000002BF58608D40 49] iPhoneXS, [000002BF59929800][000002BF58610EC0 49] iPhoneXSMax, [000002BF59873800][000002BF58615040 49] iPhoneXR, [000002BF5992AD00][000002BF586191C0 49] iPhone11, [000002BF59871F00][000002BF5861D340 49] iPhone11Pro, [000002BF5992B600][000002BF586214C0 49] iPhone11ProMax, [000002BF59871A00][000002BF58625640 49] iPhoneSE2, [000002BF59929F00][000002BF586297C0 49] iPhone12Mini, [000002BF59870900][000002BF5862D940 49] iPhone12, [000002BF59929000][000002BF58631AC0 49] iPhone12Pro, [000002BF59871C00][000002BF582500C0 49] iPhone12ProMax, [000002BF59929B00][000002BF58254240 49] iPadPro105, [000002BF59870A00][000002BF582583C0 49] iPadPro129, [000002BF5992A700][000002BF5825C540 49] iPadPro97, [000002BF59870C00][000002BF582606C0 49] iPadPro2_129, [000002BF5992AE00][000002BF58264840 49] iPad5, [000002BF59871E00][000002BF582689C0 49] iPad6, [000002BF5992A100][000002BF5826CB40 49] iPad7, [000002BF59872F00][000002BF5860CC80 49] iPad8, [000002BF59928D00][000002BF58270DC0 49] iPadPro11, [000002BF59873A00][000002BF58274F00 49] iPadPro2_11, [000002BF59928400][000002BF5827D080 49] iPadPro3_129, [000002BF59871900][000002BF58281200 49] iPadPro4_129, [000002BF5992B700][000002BF58285380 49] AppleTV, [000002BF59873900][000002BF58289500 49] AppleTV4K, [000002BF5992A800][000002BF587F1680 49] TVOS, [000002BF59872500][000002BF587F5800 49] Mac, [000002BF5992B800][000002BF587F9980 49] MacClient, [000002BF59871B00][000002BF587FDB00 49] MacNoEditor, [000002BF59928600][000002BF58800100 49] MacServer, [000002BF59873400][000002BF58804280 49] Linux, [000002BF59928200][000002BF58808400 49] LinuxAArch64, [000002BF59870300][000002BF5880C580 49] LinuxNoEditor, [000002BF5992BC00][000002BF58810700 49] LinuxAArch64NoEditor, [000002BF59871100][000002BF58814880 49] LinuxClient, [000002BF5992AF00][000002BF58818A00 49] LinuxAArch64Client, [000002BF59870F00][000002BF5881CB80 49] LinuxServer, [000002BF59929700][000002BF58820D00 49] LinuxAArch64Server, [000002BF59872800][000002BF58278E40 49] Android, [000002BF598ADB00][000002BF58824F80 49] Android_Low, [000002BF59860900][000002BF588290C0 49] Android_Mid, [000002BF598ADE00][000002BF58831240 49] Android_High, [000002BF59861900][000002BF588353C0 49] Android_Default, [000002BF598AEB00][000002BF58839540 49] Android_Adreno4xx, [000002BF59861100][000002BF5883D6C0 49] Android_Adreno5xx_Low, [000002BF598AE100][000002BF58841840 49] Android_Adreno5xx, [000002BF59861600][000002BF588459C0 49] Android_Adreno6xx, [000002BF598ACB00][000002BF58849B40 49] Android_Adreno6xx_Vulkan, [000002BF59860300][000002BF5884C140 49] Android_Mali_T6xx, [000002BF598AFC00][000002BF588502C0 49] Android_Mali_T7xx, [000002BF59862600][000002BF58854440 49] Android_Mali_T8xx, [000002BF598ACC00][000002BF588585C0 49] Android_Mali_G71, [000002BF59863100][000002BF5885C740 49] Android_Mali_G72, [000002BF598AC900][000002BF588608C0 49] Android_Mali_G72_Vulkan, [000002BF59863700][000002BF58864A40 49] Android_Mali_G76, [000002BF598AE900][000002BF58868BC0 49] Android_Mali_G76_Vulkan, [000002BF59861800][000002BF5886CD40 49] Android_Mali_G77, [000002BF598AF900][000002BF58870EC0 49] Android_Mali_G77_Vulkan, [000002BF59863000][000002BF5882D000 49] Android_Mali_G78, [000002BF598AC500][000002BF58875140 49] Android_Mali_G78_Vulkan, [000002BF59860B00][000002BF58879280 49] Android_Mali_G710, [000002BF598AFB00][000002BF5887D3C0 49] Android_Mali_G710_Vulkan, [000002BF59860F00][000002BF58885540 49] Android_Vulkan_SM5, [000002BF598AE000][000002BF588896C0 49] Android_PowerVR_G6xxx, [000002BF59860200][000002BF5888D840 49] Android_PowerVR_GT7xxx, [000002BF598ACF00][000002BF588919C0 49] Android_PowerVR_GE8xxx, [000002BF59862D00][000002BF58895B40 49] Android_PowerVR_GM9xxx, [000002BF59873200][000002BF58898140 49] Android_PowerVR_GM9xxx_Vulkan, [000002BF59863F00][000002BF5889C2C0 49] Android_TegraK1, [000002BF59873100][000002BF588A0440 49] Android_Unknown_Vulkan, [000002BF59860D00][000002BF588A45C0 49] Lumin, [000002BF59871800][000002BF588A8740 49] Lumin_Desktop, [000002BF59860400][000002BF588AC8C0 49] HoloLens, 
[2024.05.14-01.15.58:623][  0]LogMeshReduction: Using QuadricMeshReduction for automatic static mesh reduction
[2024.05.14-01.15.58:623][  0]LogMeshReduction: Using SimplygonMeshReduction for automatic skeletal mesh reduction
[2024.05.14-01.15.58:623][  0]LogMeshReduction: Using ProxyLODMeshReduction for automatic mesh merging
[2024.05.14-01.15.58:623][  0]LogMeshReduction: No distributed automatic mesh merging module available
[2024.05.14-01.15.58:623][  0]LogMeshMerging: No distributed automatic mesh merging module available
[2024.05.14-01.15.58:636][  0]LogNetVersion: FirstP 1.0.0, NetCL: 17155196, EngineNetVer: 17, GameNetVer: 0 (Checksum: 3801452883)
[2024.05.14-01.15.58:990][  0]LogTexture: Default maximum texture size for cubemaps generated from long-lat sources has been changed from 512 to unlimited. In order to preserve old behaiour for '/Engine/MapTemplates/Sky/DaylightAmbientCubemap.DaylightAmbientCubemap', its maximum texture size has been explicitly set to 512.
[2024.05.14-01.15.59:045][  0]LogHMD: PokeAHoleMaterial loaded successfully
[2024.05.14-01.15.59:050][  0]LogUObjectArray: 17178 objects as part of root set at end of initial load.
[2024.05.14-01.15.59:051][  0]LogUObjectAllocator: 4302048 out of 0 bytes used by permanent object pool.
[2024.05.14-01.15.59:051][  0]LogUObjectArray: CloseDisregardForGC: 0/0 objects in disregard for GC pool
[2024.05.14-01.15.59:477][  0]LogNiagaraDebuggerClient: Niagara Debugger Client Initialized | Session: 289FAD2145C7B89807D955942EB83D50 | Instance: A9DEF5FC49AFF1432D4B758FF773E40F (DESKTOP-CCNL3PP-23556).
[2024.05.14-01.15.59:517][  0]LogPython: Using Python 3.7.7
[2024.05.14-01.16.00:185][  0]LogTcpMessaging: Initializing TcpMessaging bridge
[2024.05.14-01.16.00:196][  0]LogUdpMessaging: Initializing bridge on interface 0.0.0.0:0 to multicast group 230.0.0.1:6666.
[2024.05.14-01.16.00:402][  0]SourceControl: Source control is disabled
[2024.05.14-01.16.00:402][  0]SourceControl: Source control is disabled
[2024.05.14-01.16.00:431][  0]SourceControl: Source control is disabled
[2024.05.14-01.16.00:435][  0]SourceControl: Source control is disabled
[2024.05.14-01.16.00:461][  0]SourceControl: Source control is disabled
[2024.05.14-01.16.00:537][  0]LogUProjectInfo: Found projects:
[2024.05.14-01.16.00:546][  0]LogVSAccessor: Display: Unable to create Visual Studio setup instance: 80040154
[2024.05.14-01.16.00:547][  0]LogVSAccessor: Display: Unable to create Visual Studio setup instance: 80040154
[2024.05.14-01.16.00:548][  0]LogVSAccessor: Display: Unable to create Visual Studio setup instance: 80040154
[2024.05.14-01.16.00:615][  0]LogOpenImageDenoise: OIDN starting up
[2024.05.14-01.16.00:663][  0]LogAndroidPermission: UAndroidPermissionCallbackProxy::GetInstance
[2024.05.14-01.16.00:678][  0]LogAudioCaptureCore: Display: No Audio Capture implementations found. Audio input will be silent.
[2024.05.14-01.16.00:678][  0]LogAudioCaptureCore: Display: No Audio Capture implementations found. Audio input will be silent.
[2024.05.14-01.16.00:873][  0]LogOcInput: OculusInput pre-init called
[2024.05.14-01.16.01:093][  0]LogCollectionManager: Loaded 0 collections in 0.000809 seconds
[2024.05.14-01.16.01:178][  0]LogFileCache: Scanning file cache for directory 'C:/Users/igorc/Documents/Unreal Projects/FirstP/CompGrafica/Saved/Collections/' took 0.00s
[2024.05.14-01.16.01:178][  0]LogFileCache: Scanning file cache for directory 'C:/Users/igorc/Documents/Unreal Projects/FirstP/CompGrafica/Content/Developers/igorc/Collections/' took 0.00s
[2024.05.14-01.16.01:178][  0]LogFileCache: Scanning file cache for directory 'C:/Users/igorc/Documents/Unreal Projects/FirstP/CompGrafica/Content/Collections/' took 0.00s
[2024.05.14-01.16.01:178][  0]LogEngine: Initializing Engine...
[2024.05.14-01.16.01:305][  0]LogHMD: Failed to enumerate extensions. Please check that you have a valid OpenXR runtime installed.
[2024.05.14-01.16.01:306][  0]LogHMD: Failed to initialize OpenVR with code 110
[2024.05.14-01.16.01:306][  0]LogMagicLeap: Warning: VR disabled because ZI is not enabled.  To enable, in the editor, Edit -> Project Settings -> Plugins -> Magic Leap Plugin -> Enable Zero Iteration
[2024.05.14-01.16.01:307][  0]LogStats: UGameplayTagsManager::InitializeManager -  0.000 s
[2024.05.14-01.16.01:522][  0]LogInit: Initializing FReadOnlyCVARCache
[2024.05.14-01.16.01:539][  0]LogAIModule: Creating AISystem for world Untitled
[2024.05.14-01.16.01:548][  0]LogAudio: Display: Initializing Audio Device Manager...
[2024.05.14-01.16.01:553][  0]LogAudio: Display: Loading Default Audio Settings Objects...
[2024.05.14-01.16.01:553][  0]LogAudio: Display: No default SoundConcurrencyObject specified (or failed to load).
[2024.05.14-01.16.01:555][  0]LogAudio: Display: Audio Device Manager Initialized
[2024.05.14-01.16.01:555][  0]LogAudio: Display: Creating Audio Device:                 Id: 1, Scope: Shared, Realtime: True
[2024.05.14-01.16.01:555][  0]LogAudioMixer: Display: Audio Mixer Platform Settings:
[2024.05.14-01.16.01:555][  0]LogAudioMixer: Display: 	Sample Rate:						  48000
[2024.05.14-01.16.01:555][  0]LogAudioMixer: Display: 	Callback Buffer Frame Size Requested: 1024
[2024.05.14-01.16.01:555][  0]LogAudioMixer: Display: 	Callback Buffer Frame Size To Use:	  1024
[2024.05.14-01.16.01:555][  0]LogAudioMixer: Display: 	Number of buffers to queue:			  2
[2024.05.14-01.16.01:555][  0]LogAudioMixer: Display: 	Max Channels (voices):				  32
[2024.05.14-01.16.01:555][  0]LogAudioMixer: Display: 	Number of Async Source Workers:		  0
[2024.05.14-01.16.01:555][  0]LogAudio: Display: AudioDevice MaxSources: 32
[2024.05.14-01.16.01:556][  0]LogAudio: Display: Audio Spatialization Plugin: None (built-in).
[2024.05.14-01.16.01:556][  0]LogAudio: Display: Audio Reverb Plugin: None (built-in).
[2024.05.14-01.16.01:556][  0]LogAudio: Display: Audio Occlusion Plugin: None (built-in).
[2024.05.14-01.16.01:556][  0]LogAudioMixer: Display: Initializing audio mixer.
[2024.05.14-01.16.01:809][  0]LogAudioMixer: Display: 0: FrontLeft
[2024.05.14-01.16.01:809][  0]LogAudioMixer: Display: 1: FrontRight
[2024.05.14-01.16.01:849][  0]LogAudioMixer: Display: Using Audio Device Alto-falantes (HyperX Cloud Stinger Core Wireless DTS)
[2024.05.14-01.16.01:851][  0]LogAudioMixer: Display: Initializing Sound Submixes...
[2024.05.14-01.16.01:854][  0]LogAudioMixer: Display: Creating Master Submix 'MasterSubmixDefault'
[2024.05.14-01.16.01:855][  0]LogAudioMixer: Display: Creating Master Submix 'MasterReverbSubmixDefault'
[2024.05.14-01.16.01:856][  0]LogAudioMixer: Display: Creating Master Submix 'MasterEQSubmixDefault'
[2024.05.14-01.16.01:856][  0]LogAudioMixer: FMixerPlatformXAudio2::StartAudioStream() called
[2024.05.14-01.16.01:856][  0]LogAudioMixer: Display: Output buffers initialized: Frames=1024, Channels=2, Samples=2048
[2024.05.14-01.16.01:858][  0]LogAudioMixer: Display: Starting AudioMixerPlatformInterface::RunInternal()
[2024.05.14-01.16.01:858][  0]LogAudioMixer: Display: FMixerPlatformXAudio2::SubmitBuffer() called for the first time
[2024.05.14-01.16.01:858][  0]LogInit: FAudioDevice initialized.
[2024.05.14-01.16.01:858][  0]LogAudio: Display: Audio Device (ID: 1) registered with world 'Untitled'.
[2024.05.14-01.16.01:859][  0]LogNetVersion: Set ProjectVersion to 1.0.0.0. Version Checksum will be recalculated on next use.
[2024.05.14-01.16.01:978][  0]LogDerivedDataCache: Saved boot cache 0.12s 94MB C:/Users/igorc/AppData/Local/UnrealEngine/4.27/DerivedDataCache/Boot.ddc.
[2024.05.14-01.16.01:979][  0]LogInit: Texture streaming: Enabled
[2024.05.14-01.16.02:003][  0]LogAnalytics: Display: [UEEditor.Rocket.Release] APIServer = https://datarouter.ol.epicgames.com/. AppVersion = 4.27.2-18319896+++UE4+Release-4.27
[2024.05.14-01.16.02:011][  0]LogEngineSessionManager: EngineSessionManager initialized
[2024.05.14-01.16.02:011][  0]LogEditorSessionSummary: Verbose: Initializing EditorSessionSummaryWriter for editor session tracking
[2024.05.14-01.16.02:015][  0]LogEditorSessionSummary: EditorSessionSummaryWriter initialized
[2024.05.14-01.16.02:060][  0]LogInit: Transaction tracking system initialized
[2024.05.14-01.16.02:099][  0]BlueprintLog: New page: Editor Load
[2024.05.14-01.16.02:217][  0]LocalizationService: Localization service is disabled
[2024.05.14-01.16.02:262][  0]TimingProfiler: Initialize
[2024.05.14-01.16.02:262][  0]TimingProfiler: OnSessionChanged
[2024.05.14-01.16.02:262][  0]LoadingProfiler: Initialize
[2024.05.14-01.16.02:262][  0]LoadingProfiler: OnSessionChanged
[2024.05.14-01.16.02:262][  0]NetworkingProfiler: Initialize
[2024.05.14-01.16.02:262][  0]NetworkingProfiler: OnSessionChanged
[2024.05.14-01.16.02:262][  0]MemoryProfiler: Initialize
[2024.05.14-01.16.02:262][  0]MemoryProfiler: OnSessionChanged
[2024.05.14-01.16.02:354][  0]LogVSAccessor: Display: Unable to create Visual Studio setup instance: 80040154
[2024.05.14-01.16.02:355][  0]LogVSAccessor: Display: Unable to create Visual Studio setup instance: 80040154
[2024.05.14-01.16.02:356][  0]LogVSAccessor: Display: Unable to create Visual Studio setup instance: 80040154
[2024.05.14-01.16.02:468][  0]LogCook: Display: CookSettings for Memory: MemoryMaxUsedVirtual 0MiB, MemoryMaxUsedPhysical 16384MiB, MemoryMinFreeVirtual 0MiB, MemoryMinFreePhysical 1024MiB
[2024.05.14-01.16.02:469][  0]LogCook: Display: Mobile HDR setting 1
[2024.05.14-01.16.02:698][  0]LogFileCache: Scanning file cache for directory 'C:/Users/igorc/Documents/Unreal Projects/FirstP/CompGrafica/Content/' took 0.01s
[2024.05.14-01.16.02:900][  0]LogInit: Display: Engine is initialized. Leaving FEngineLoop::Init()
[2024.05.14-01.16.02:903][  0]SourceControl: Source control is disabled
[2024.05.14-01.16.02:903][  0]LogUnrealEdMisc: Loading editor; pre map load, took 8.470
[2024.05.14-01.16.02:903][  0]Cmd: MAP LOAD FILE="C:/Users/igorc/Documents/Unreal Projects/FirstP/CompGrafica/Content/FirstPersonBP/Maps/FirstPersonExampleMap.umap" TEMPLATE=0 SHOWPROGRESS=1 FEATURELEVEL=3
[2024.05.14-01.16.02:903][  0]LightingResults: New page: Lighting Build
[2024.05.14-01.16.02:904][  0]LogWorld: UWorld::CleanupWorld for Untitled, bSessionEnded=true, bCleanupResources=true
[2024.05.14-01.16.02:904][  0]LogSlate: InvalidateAllWidgets triggered.  All widgets were invalidated
[2024.05.14-01.16.02:905][  0]MapCheck: New page: Map Check
[2024.05.14-01.16.02:905][  0]LightingResults: New page: Lighting Build
[2024.05.14-01.16.02:910][  0]LogAudio: Display: Audio Device unregistered from world 'None'.
[2024.05.14-01.16.02:913][  0]LogUObjectHash: Compacting FUObjectHashTables data took   0.92ms
[2024.05.14-01.16.03:626][  0]LogAudio: Display: Audio Device (ID: 1) registered with world 'FirstPersonExampleMap'.
[2024.05.14-01.16.03:627][  0]LogAIModule: Creating AISystem for world FirstPersonExampleMap
[2024.05.14-01.16.03:650][  0]LogEditorServer: Finished looking for orphan Actors (0.000 secs)
[2024.05.14-01.16.03:665][  0]LogUObjectHash: Compacting FUObjectHashTables data took   1.68ms
[2024.05.14-01.16.03:666][  0]Cmd: MAP CHECKDEP NOCLEARLOG
[2024.05.14-01.16.03:666][  0]MapCheck: Map check complete: 0 Error(s), 0 Warning(s), took 0.234ms to complete.
[2024.05.14-01.16.03:666][  0]LogFileHelpers: Loading map 'FirstPersonExampleMap' took 0.763
[2024.05.14-01.16.03:669][  0]LogUnrealEdMisc: Total Editor Startup Time, took 9.237
[2024.05.14-01.16.03:812][  0]LogSlate: Updating window title bar state: overlay mode, drag disabled, window buttons hidden, title bar hidden
[2024.05.14-01.16.03:818][  0]LogSlate: Updating window title bar state: overlay mode, drag disabled, window buttons hidden, title bar hidden
[2024.05.14-01.16.03:825][  0]LogSlate: Updating window title bar state: overlay mode, drag disabled, window buttons hidden, title bar hidden
[2024.05.14-01.16.03:833][  0]LogSlate: Updating window title bar state: overlay mode, drag disabled, window buttons hidden, title bar hidden
[2024.05.14-01.16.03:859][  0]LogNativeClassHierarchy: Verbose: Native class hierarchy populated in 0.0093 seconds. Added 3822 classes and 928 folders.
[2024.05.14-01.16.03:866][  0]LogNativeClassHierarchy: Verbose: Native class hierarchy updated for 'WidgetCarousel' in 0.0002 seconds. Added 0 classes and 0 folders.
[2024.05.14-01.16.03:885][  0]LogPakFile: PakFile PrimaryIndexSize=187
[2024.05.14-01.16.03:886][  0]LogPakFile: PakFile PathHashIndexSize=101
[2024.05.14-01.16.03:886][  0]LogPakFile: PakFile FullDirectoryIndexSize=148
[2024.05.14-01.16.03:887][  0]LogShaderLibrary: Display: ShaderCodeLibraryPakFileMountedCallback: PakFile 'D:/Games/UE_4.27/FeaturePacks/FP_FirstPerson.upack' (chunk index -1, root 'root:/') mounted
[2024.05.14-01.16.03:887][  0]LogShaderLibrary: Display: ShaderCodeLibraryPakFileMountedCallback: pending pak file info (ChunkID:-1 Root:root:/ File:D:/Games/UE_4.27/FeaturePacks/FP_FirstPerson.upack)
[2024.05.14-01.16.03:887][  0]LogPakFile: OnPakFileMounted2Time == 0.001009
[2024.05.14-01.16.03:898][  0]LogPakFile: PakFile PrimaryIndexSize=189
[2024.05.14-01.16.03:898][  0]LogPakFile: PakFile PathHashIndexSize=101
[2024.05.14-01.16.03:898][  0]LogPakFile: PakFile FullDirectoryIndexSize=152
[2024.05.14-01.16.03:898][  0]LogShaderLibrary: Display: ShaderCodeLibraryPakFileMountedCallback: PakFile 'D:/Games/UE_4.27/FeaturePacks/FP_FirstPersonBP.upack' (chunk index -1, root 'root:/') mounted
[2024.05.14-01.16.03:898][  0]LogShaderLibrary: Display: ShaderCodeLibraryPakFileMountedCallback: pending pak file info (ChunkID:-1 Root:root:/ File:D:/Games/UE_4.27/FeaturePacks/FP_FirstPersonBP.upack)
[2024.05.14-01.16.03:898][  0]LogPakFile: OnPakFileMounted2Time == 0.000045
[2024.05.14-01.16.03:906][  0]LogPakFile: PakFile PrimaryIndexSize=191
[2024.05.14-01.16.03:906][  0]LogPakFile: PakFile PathHashIndexSize=101
[2024.05.14-01.16.03:906][  0]LogPakFile: PakFile FullDirectoryIndexSize=160
[2024.05.14-01.16.03:906][  0]LogShaderLibrary: Display: ShaderCodeLibraryPakFileMountedCallback: PakFile 'D:/Games/UE_4.27/FeaturePacks/MobileStarterContent.upack' (chunk index -1, root 'root:/') mounted
[2024.05.14-01.16.03:906][  0]LogShaderLibrary: Display: ShaderCodeLibraryPakFileMountedCallback: pending pak file info (ChunkID:-1 Root:root:/ File:D:/Games/UE_4.27/FeaturePacks/MobileStarterContent.upack)
[2024.05.14-01.16.03:906][  0]LogPakFile: OnPakFileMounted2Time == 0.000038
[2024.05.14-01.16.03:914][  0]LogPakFile: PakFile PrimaryIndexSize=185
[2024.05.14-01.16.03:914][  0]LogPakFile: PakFile PathHashIndexSize=101
[2024.05.14-01.16.03:914][  0]LogPakFile: PakFile FullDirectoryIndexSize=148
[2024.05.14-01.16.03:914][  0]LogShaderLibrary: Display: ShaderCodeLibraryPakFileMountedCallback: PakFile 'D:/Games/UE_4.27/FeaturePacks/StarterContent.upack' (chunk index -1, root 'root:/') mounted
[2024.05.14-01.16.03:914][  0]LogShaderLibrary: Display: ShaderCodeLibraryPakFileMountedCallback: pending pak file info (ChunkID:-1 Root:root:/ File:D:/Games/UE_4.27/FeaturePacks/StarterContent.upack)
[2024.05.14-01.16.03:914][  0]LogPakFile: OnPakFileMounted2Time == 0.000041
[2024.05.14-01.16.03:924][  0]LogPakFile: PakFile PrimaryIndexSize=190
[2024.05.14-01.16.03:924][  0]LogPakFile: PakFile PathHashIndexSize=101
[2024.05.14-01.16.03:924][  0]LogPakFile: PakFile FullDirectoryIndexSize=154
[2024.05.14-01.16.03:924][  0]LogShaderLibrary: Display: ShaderCodeLibraryPakFileMountedCallback: PakFile 'D:/Games/UE_4.27/FeaturePacks/TP_2DSideScroller.upack' (chunk index -1, root 'root:/') mounted
[2024.05.14-01.16.03:924][  0]LogShaderLibrary: Display: ShaderCodeLibraryPakFileMountedCallback: pending pak file info (ChunkID:-1 Root:root:/ File:D:/Games/UE_4.27/FeaturePacks/TP_2DSideScroller.upack)
[2024.05.14-01.16.03:924][  0]LogPakFile: OnPakFileMounted2Time == 0.000043
[2024.05.14-01.16.03:931][  0]LogPakFile: PakFile PrimaryIndexSize=192
[2024.05.14-01.16.03:931][  0]LogPakFile: PakFile PathHashIndexSize=101
[2024.05.14-01.16.03:931][  0]LogPakFile: PakFile FullDirectoryIndexSize=158
[2024.05.14-01.16.03:931][  0]LogShaderLibrary: Display: ShaderCodeLibraryPakFileMountedCallback: PakFile 'D:/Games/UE_4.27/FeaturePacks/TP_2DSideScrollerBP.upack' (chunk index -1, root 'root:/') mounted
[2024.05.14-01.16.03:931][  0]LogShaderLibrary: Display: ShaderCodeLibraryPakFileMountedCallback: pending pak file info (ChunkID:-1 Root:root:/ File:D:/Games/UE_4.27/FeaturePacks/TP_2DSideScrollerBP.upack)
[2024.05.14-01.16.03:931][  0]LogPakFile: OnPakFileMounted2Time == 0.000069
[2024.05.14-01.16.03:941][  0]LogPakFile: PakFile PrimaryIndexSize=182
[2024.05.14-01.16.03:941][  0]LogPakFile: PakFile PathHashIndexSize=101
[2024.05.14-01.16.03:941][  0]LogPakFile: PakFile FullDirectoryIndexSize=138
[2024.05.14-01.16.03:941][  0]LogShaderLibrary: Display: ShaderCodeLibraryPakFileMountedCallback: PakFile 'D:/Games/UE_4.27/FeaturePacks/TP_Flying.upack' (chunk index -1, root 'root:/') mounted
[2024.05.14-01.16.03:941][  0]LogShaderLibrary: Display: ShaderCodeLibraryPakFileMountedCallback: pending pak file info (ChunkID:-1 Root:root:/ File:D:/Games/UE_4.27/FeaturePacks/TP_Flying.upack)
[2024.05.14-01.16.03:941][  0]LogPakFile: OnPakFileMounted2Time == 0.000038
[2024.05.14-01.16.03:948][  0]LogPakFile: PakFile PrimaryIndexSize=184
[2024.05.14-01.16.03:948][  0]LogPakFile: PakFile PathHashIndexSize=101
[2024.05.14-01.16.03:948][  0]LogPakFile: PakFile FullDirectoryIndexSize=142
[2024.05.14-01.16.03:948][  0]LogShaderLibrary: Display: ShaderCodeLibraryPakFileMountedCallback: PakFile 'D:/Games/UE_4.27/FeaturePacks/TP_FlyingBP.upack' (chunk index -1, root 'root:/') mounted
[2024.05.14-01.16.03:948][  0]LogShaderLibrary: Display: ShaderCodeLibraryPakFileMountedCallback: pending pak file info (ChunkID:-1 Root:root:/ File:D:/Games/UE_4.27/FeaturePacks/TP_FlyingBP.upack)
[2024.05.14-01.16.03:948][  0]LogPakFile: OnPakFileMounted2Time == 0.000038
[2024.05.14-01.16.03:960][  0]LogPakFile: PakFile PrimaryIndexSize=188
[2024.05.14-01.16.03:960][  0]LogPakFile: PakFile PathHashIndexSize=101
[2024.05.14-01.16.03:960][  0]LogPakFile: PakFile FullDirectoryIndexSize=150
[2024.05.14-01.16.03:960][  0]LogShaderLibrary: Display: ShaderCodeLibraryPakFileMountedCallback: PakFile 'D:/Games/UE_4.27/FeaturePacks/TP_HandheldARBP.upack' (chunk index -1, root 'root:/') mounted
[2024.05.14-01.16.03:960][  0]LogShaderLibrary: Display: ShaderCodeLibraryPakFileMountedCallback: pending pak file info (ChunkID:-1 Root:root:/ File:D:/Games/UE_4.27/FeaturePacks/TP_HandheldARBP.upack)
[2024.05.14-01.16.03:960][  0]LogPakFile: OnPakFileMounted2Time == 0.000038
[2024.05.14-01.16.03:970][  0]LogPakFile: PakFile PrimaryIndexSize=182
[2024.05.14-01.16.03:970][  0]LogPakFile: PakFile PathHashIndexSize=101
[2024.05.14-01.16.03:970][  0]LogPakFile: PakFile FullDirectoryIndexSize=138
[2024.05.14-01.16.03:970][  0]LogShaderLibrary: Display: ShaderCodeLibraryPakFileMountedCallback: PakFile 'D:/Games/UE_4.27/FeaturePacks/TP_Puzzle.upack' (chunk index -1, root 'root:/') mounted
[2024.05.14-01.16.03:970][  0]LogShaderLibrary: Display: ShaderCodeLibraryPakFileMountedCallback: pending pak file info (ChunkID:-1 Root:root:/ File:D:/Games/UE_4.27/FeaturePacks/TP_Puzzle.upack)
[2024.05.14-01.16.03:970][  0]LogPakFile: OnPakFileMounted2Time == 0.000070
[2024.05.14-01.16.03:980][  0]LogPakFile: PakFile PrimaryIndexSize=184
[2024.05.14-01.16.03:980][  0]LogPakFile: PakFile PathHashIndexSize=101
[2024.05.14-01.16.03:980][  0]LogPakFile: PakFile FullDirectoryIndexSize=142
[2024.05.14-01.16.03:980][  0]LogShaderLibrary: Display: ShaderCodeLibraryPakFileMountedCallback: PakFile 'D:/Games/UE_4.27/FeaturePacks/TP_PuzzleBP.upack' (chunk index -1, root 'root:/') mounted
[2024.05.14-01.16.03:980][  0]LogShaderLibrary: Display: ShaderCodeLibraryPakFileMountedCallback: pending pak file info (ChunkID:-1 Root:root:/ File:D:/Games/UE_4.27/FeaturePacks/TP_PuzzleBP.upack)
[2024.05.14-01.16.03:980][  0]LogPakFile: OnPakFileMounted2Time == 0.000059
[2024.05.14-01.16.03:990][  0]LogPakFile: PakFile PrimaryIndexSize=183
[2024.05.14-01.16.03:990][  0]LogPakFile: PakFile PathHashIndexSize=101
[2024.05.14-01.16.03:990][  0]LogPakFile: PakFile FullDirectoryIndexSize=140
[2024.05.14-01.16.03:990][  0]LogShaderLibrary: Display: ShaderCodeLibraryPakFileMountedCallback: PakFile 'D:/Games/UE_4.27/FeaturePacks/TP_Rolling.upack' (chunk index -1, root 'root:/') mounted
[2024.05.14-01.16.03:990][  0]LogShaderLibrary: Display: ShaderCodeLibraryPakFileMountedCallback: pending pak file info (ChunkID:-1 Root:root:/ File:D:/Games/UE_4.27/FeaturePacks/TP_Rolling.upack)
[2024.05.14-01.16.03:990][  0]LogPakFile: OnPakFileMounted2Time == 0.000044
[2024.05.14-01.16.03:997][  0]LogPakFile: PakFile PrimaryIndexSize=185
[2024.05.14-01.16.03:997][  0]LogPakFile: PakFile PathHashIndexSize=101
[2024.05.14-01.16.03:997][  0]LogPakFile: PakFile FullDirectoryIndexSize=144
[2024.05.14-01.16.03:997][  0]LogShaderLibrary: Display: ShaderCodeLibraryPakFileMountedCallback: PakFile 'D:/Games/UE_4.27/FeaturePacks/TP_RollingBP.upack' (chunk index -1, root 'root:/') mounted
[2024.05.14-01.16.03:997][  0]LogShaderLibrary: Display: ShaderCodeLibraryPakFileMountedCallback: pending pak file info (ChunkID:-1 Root:root:/ File:D:/Games/UE_4.27/FeaturePacks/TP_RollingBP.upack)
[2024.05.14-01.16.03:997][  0]LogPakFile: OnPakFileMounted2Time == 0.000038
[2024.05.14-01.16.04:005][  0]LogPakFile: PakFile PrimaryIndexSize=188
[2024.05.14-01.16.04:005][  0]LogPakFile: PakFile PathHashIndexSize=101
[2024.05.14-01.16.04:005][  0]LogPakFile: PakFile FullDirectoryIndexSize=150
[2024.05.14-01.16.04:005][  0]LogShaderLibrary: Display: ShaderCodeLibraryPakFileMountedCallback: PakFile 'D:/Games/UE_4.27/FeaturePacks/TP_SideScroller.upack' (chunk index -1, root 'root:/') mounted
[2024.05.14-01.16.04:005][  0]LogShaderLibrary: Display: ShaderCodeLibraryPakFileMountedCallback: pending pak file info (ChunkID:-1 Root:root:/ File:D:/Games/UE_4.27/FeaturePacks/TP_SideScroller.upack)
[2024.05.14-01.16.04:005][  0]LogPakFile: OnPakFileMounted2Time == 0.000044
[2024.05.14-01.16.04:013][  0]LogPakFile: PakFile PrimaryIndexSize=190
[2024.05.14-01.16.04:013][  0]LogPakFile: PakFile PathHashIndexSize=101
[2024.05.14-01.16.04:013][  0]LogPakFile: PakFile FullDirectoryIndexSize=154
[2024.05.14-01.16.04:013][  0]LogShaderLibrary: Display: ShaderCodeLibraryPakFileMountedCallback: PakFile 'D:/Games/UE_4.27/FeaturePacks/TP_SideScrollerBP.upack' (chunk index -1, root 'root:/') mounted
[2024.05.14-01.16.04:013][  0]LogShaderLibrary: Display: ShaderCodeLibraryPakFileMountedCallback: pending pak file info (ChunkID:-1 Root:root:/ File:D:/Games/UE_4.27/FeaturePacks/TP_SideScrollerBP.upack)
[2024.05.14-01.16.04:013][  0]LogPakFile: OnPakFileMounted2Time == 0.000037
[2024.05.14-01.16.04:020][  0]LogPakFile: PakFile PrimaryIndexSize=187
[2024.05.14-01.16.04:020][  0]LogPakFile: PakFile PathHashIndexSize=101
[2024.05.14-01.16.04:020][  0]LogPakFile: PakFile FullDirectoryIndexSize=148
[2024.05.14-01.16.04:020][  0]LogShaderLibrary: Display: ShaderCodeLibraryPakFileMountedCallback: PakFile 'D:/Games/UE_4.27/FeaturePacks/TP_ThirdPerson.upack' (chunk index -1, root 'root:/') mounted
[2024.05.14-01.16.04:020][  0]LogShaderLibrary: Display: ShaderCodeLibraryPakFileMountedCallback: pending pak file info (ChunkID:-1 Root:root:/ File:D:/Games/UE_4.27/FeaturePacks/TP_ThirdPerson.upack)
[2024.05.14-01.16.04:020][  0]LogPakFile: OnPakFileMounted2Time == 0.000037
[2024.05.14-01.16.04:029][  0]LogPakFile: PakFile PrimaryIndexSize=189
[2024.05.14-01.16.04:029][  0]LogPakFile: PakFile PathHashIndexSize=101
[2024.05.14-01.16.04:029][  0]LogPakFile: PakFile FullDirectoryIndexSize=152
[2024.05.14-01.16.04:029][  0]LogShaderLibrary: Display: ShaderCodeLibraryPakFileMountedCallback: PakFile 'D:/Games/UE_4.27/FeaturePacks/TP_ThirdPersonBP.upack' (chunk index -1, root 'root:/') mounted
[2024.05.14-01.16.04:029][  0]LogShaderLibrary: Display: ShaderCodeLibraryPakFileMountedCallback: pending pak file info (ChunkID:-1 Root:root:/ File:D:/Games/UE_4.27/FeaturePacks/TP_ThirdPersonBP.upack)
[2024.05.14-01.16.04:029][  0]LogPakFile: OnPakFileMounted2Time == 0.000037
[2024.05.14-01.16.04:036][  0]LogPakFile: PakFile PrimaryIndexSize=183
[2024.05.14-01.16.04:036][  0]LogPakFile: PakFile PathHashIndexSize=101
[2024.05.14-01.16.04:036][  0]LogPakFile: PakFile FullDirectoryIndexSize=140
[2024.05.14-01.16.04:036][  0]LogShaderLibrary: Display: ShaderCodeLibraryPakFileMountedCallback: PakFile 'D:/Games/UE_4.27/FeaturePacks/TP_TopDown.upack' (chunk index -1, root 'root:/') mounted
[2024.05.14-01.16.04:036][  0]LogShaderLibrary: Display: ShaderCodeLibraryPakFileMountedCallback: pending pak file info (ChunkID:-1 Root:root:/ File:D:/Games/UE_4.27/FeaturePacks/TP_TopDown.upack)
[2024.05.14-01.16.04:036][  0]LogPakFile: OnPakFileMounted2Time == 0.000049
[2024.05.14-01.16.04:045][  0]LogPakFile: PakFile PrimaryIndexSize=185
[2024.05.14-01.16.04:045][  0]LogPakFile: PakFile PathHashIndexSize=101
[2024.05.14-01.16.04:045][  0]LogPakFile: PakFile FullDirectoryIndexSize=144
[2024.05.14-01.16.04:045][  0]LogShaderLibrary: Display: ShaderCodeLibraryPakFileMountedCallback: PakFile 'D:/Games/UE_4.27/FeaturePacks/TP_TopDownBP.upack' (chunk index -1, root 'root:/') mounted
[2024.05.14-01.16.04:045][  0]LogShaderLibrary: Display: ShaderCodeLibraryPakFileMountedCallback: pending pak file info (ChunkID:-1 Root:root:/ File:D:/Games/UE_4.27/FeaturePacks/TP_TopDownBP.upack)
[2024.05.14-01.16.04:045][  0]LogPakFile: OnPakFileMounted2Time == 0.000039
[2024.05.14-01.16.04:055][  0]LogPakFile: PakFile PrimaryIndexSize=185
[2024.05.14-01.16.04:055][  0]LogPakFile: PakFile PathHashIndexSize=101
[2024.05.14-01.16.04:055][  0]LogPakFile: PakFile FullDirectoryIndexSize=144
[2024.05.14-01.16.04:055][  0]LogShaderLibrary: Display: ShaderCodeLibraryPakFileMountedCallback: PakFile 'D:/Games/UE_4.27/FeaturePacks/TP_TwinStick.upack' (chunk index -1, root 'root:/') mounted
[2024.05.14-01.16.04:055][  0]LogShaderLibrary: Display: ShaderCodeLibraryPakFileMountedCallback: pending pak file info (ChunkID:-1 Root:root:/ File:D:/Games/UE_4.27/FeaturePacks/TP_TwinStick.upack)
[2024.05.14-01.16.04:055][  0]LogPakFile: OnPakFileMounted2Time == 0.000037
[2024.05.14-01.16.04:062][  0]LogPakFile: PakFile PrimaryIndexSize=187
[2024.05.14-01.16.04:062][  0]LogPakFile: PakFile PathHashIndexSize=101
[2024.05.14-01.16.04:062][  0]LogPakFile: PakFile FullDirectoryIndexSize=148
[2024.05.14-01.16.04:062][  0]LogShaderLibrary: Display: ShaderCodeLibraryPakFileMountedCallback: PakFile 'D:/Games/UE_4.27/FeaturePacks/TP_TwinStickBP.upack' (chunk index -1, root 'root:/') mounted
[2024.05.14-01.16.04:062][  0]LogShaderLibrary: Display: ShaderCodeLibraryPakFileMountedCallback: pending pak file info (ChunkID:-1 Root:root:/ File:D:/Games/UE_4.27/FeaturePacks/TP_TwinStickBP.upack)
[2024.05.14-01.16.04:063][  0]LogPakFile: OnPakFileMounted2Time == 0.000037
[2024.05.14-01.16.04:070][  0]LogPakFile: PakFile PrimaryIndexSize=183
[2024.05.14-01.16.04:070][  0]LogPakFile: PakFile PathHashIndexSize=101
[2024.05.14-01.16.04:070][  0]LogPakFile: PakFile FullDirectoryIndexSize=140
[2024.05.14-01.16.04:070][  0]LogShaderLibrary: Display: ShaderCodeLibraryPakFileMountedCallback: PakFile 'D:/Games/UE_4.27/FeaturePacks/TP_Vehicle.upack' (chunk index -1, root 'root:/') mounted
[2024.05.14-01.16.04:070][  0]LogShaderLibrary: Display: ShaderCodeLibraryPakFileMountedCallback: pending pak file info (ChunkID:-1 Root:root:/ File:D:/Games/UE_4.27/FeaturePacks/TP_Vehicle.upack)
[2024.05.14-01.16.04:070][  0]LogPakFile: OnPakFileMounted2Time == 0.000041
[2024.05.14-01.16.04:080][  0]LogPakFile: PakFile PrimaryIndexSize=186
[2024.05.14-01.16.04:080][  0]LogPakFile: PakFile PathHashIndexSize=101
[2024.05.14-01.16.04:080][  0]LogPakFile: PakFile FullDirectoryIndexSize=146
[2024.05.14-01.16.04:080][  0]LogShaderLibrary: Display: ShaderCodeLibraryPakFileMountedCallback: PakFile 'D:/Games/UE_4.27/FeaturePacks/TP_VehicleAdv.upack' (chunk index -1, root 'root:/') mounted
[2024.05.14-01.16.04:080][  0]LogShaderLibrary: Display: ShaderCodeLibraryPakFileMountedCallback: pending pak file info (ChunkID:-1 Root:root:/ File:D:/Games/UE_4.27/FeaturePacks/TP_VehicleAdv.upack)
[2024.05.14-01.16.04:080][  0]LogPakFile: OnPakFileMounted2Time == 0.000039
[2024.05.14-01.16.04:087][  0]LogPakFile: PakFile PrimaryIndexSize=188
[2024.05.14-01.16.04:087][  0]LogPakFile: PakFile PathHashIndexSize=101
[2024.05.14-01.16.04:087][  0]LogPakFile: PakFile FullDirectoryIndexSize=150
[2024.05.14-01.16.04:087][  0]LogShaderLibrary: Display: ShaderCodeLibraryPakFileMountedCallback: PakFile 'D:/Games/UE_4.27/FeaturePacks/TP_VehicleAdvBP.upack' (chunk index -1, root 'root:/') mounted
[2024.05.14-01.16.04:087][  0]LogShaderLibrary: Display: ShaderCodeLibraryPakFileMountedCallback: pending pak file info (ChunkID:-1 Root:root:/ File:D:/Games/UE_4.27/FeaturePacks/TP_VehicleAdvBP.upack)
[2024.05.14-01.16.04:087][  0]LogPakFile: OnPakFileMounted2Time == 0.000036
[2024.05.14-01.16.04:093][  0]LogPakFile: PakFile PrimaryIndexSize=185
[2024.05.14-01.16.04:093][  0]LogPakFile: PakFile PathHashIndexSize=101
[2024.05.14-01.16.04:093][  0]LogPakFile: PakFile FullDirectoryIndexSize=144
[2024.05.14-01.16.04:093][  0]LogShaderLibrary: Display: ShaderCodeLibraryPakFileMountedCallback: PakFile 'D:/Games/UE_4.27/FeaturePacks/TP_VehicleBP.upack' (chunk index -1, root 'root:/') mounted
[2024.05.14-01.16.04:093][  0]LogShaderLibrary: Display: ShaderCodeLibraryPakFileMountedCallback: pending pak file info (ChunkID:-1 Root:root:/ File:D:/Games/UE_4.27/FeaturePacks/TP_VehicleBP.upack)
[2024.05.14-01.16.04:094][  0]LogPakFile: OnPakFileMounted2Time == 0.000037
[2024.05.14-01.16.04:102][  0]LogPakFile: PakFile PrimaryIndexSize=192
[2024.05.14-01.16.04:102][  0]LogPakFile: PakFile PathHashIndexSize=101
[2024.05.14-01.16.04:102][  0]LogPakFile: PakFile FullDirectoryIndexSize=158
[2024.05.14-01.16.04:102][  0]LogShaderLibrary: Display: ShaderCodeLibraryPakFileMountedCallback: PakFile 'D:/Games/UE_4.27/FeaturePacks/TP_VirtualRealityBP.upack' (chunk index -1, root 'root:/') mounted
[2024.05.14-01.16.04:102][  0]LogShaderLibrary: Display: ShaderCodeLibraryPakFileMountedCallback: pending pak file info (ChunkID:-1 Root:root:/ File:D:/Games/UE_4.27/FeaturePacks/TP_VirtualRealityBP.upack)
[2024.05.14-01.16.04:102][  0]LogPakFile: OnPakFileMounted2Time == 0.000057
[2024.05.14-01.16.04:493][  0]LogNativeClassHierarchy: Verbose: Native class hierarchy updated for 'AddContentDialog' in 0.0003 seconds. Added 0 classes and 0 folders.
[2024.05.14-01.16.04:495][  0]LogNativeClassHierarchy: Verbose: Native class hierarchy updated for 'SceneOutliner' in 0.0003 seconds. Added 2 classes and 0 folders.
[2024.05.14-01.16.04:623][  0]LogSlate: Took 0.000185 seconds to synchronously load lazily loaded font '../../../Engine/Content/Slate/Fonts/Roboto-Regular.ttf' (155K)
[2024.05.14-01.16.04:632][  0]LogSlate: Took 0.008361 seconds to synchronously load lazily loaded font '../../../Engine/Content/Editor/Slate/Fonts/FontAwesome.ttf' (139K)
[2024.05.14-01.16.04:633][  0]LogSlate: Took 0.000384 seconds to synchronously load lazily loaded font '../../../Engine/Content/Slate/Fonts/Roboto-Bold.ttf' (160K)
[2024.05.14-01.16.04:834][  0]LogRenderer: Reallocating scene render targets to support 984x468 Format 10 NumSamples 1 (Frame:1).
[2024.05.14-01.16.05:322][  0]LogSlate: Took 0.005314 seconds to synchronously load lazily loaded font '../../../Engine/Content/Slate/Fonts/Roboto-Light.ttf' (167K)
[2024.05.14-01.16.05:424][  0]LogNativeClassHierarchy: Verbose: Native class hierarchy updated for 'HierarchicalLODOutliner' in 0.0003 seconds. Added 0 classes and 0 folders.
[2024.05.14-01.16.05:424][  0]LogLoad: (Engine Initialization) Total time: 10.99 seconds
[2024.05.14-01.16.05:424][  0]LogLoad: (Engine Initialization) Total Blueprint compile time: 0.00 seconds
[2024.05.14-01.16.05:484][  0]LogAssetRegistry: Asset discovery search completed in 7.2438 seconds
[2024.05.14-01.16.05:490][  0]LogCollectionManager: Fixed up redirectors for 0 collections in 0.000004 seconds (updated 0 objects)
[2024.05.14-01.16.05:492][  0]LogContentStreaming: Texture pool size now 1000 MB
[2024.05.14-01.18.33:516][636]LogSlate: Took 0.000251 seconds to synchronously load lazily loaded font '../../../Engine/Content/Slate/Fonts/Roboto-Light.ttf' (167K)
[2024.05.14-01.18.33:539][636]LogAssetEditorSubsystem: Opening Asset editor for Blueprint /Game/FirstPersonBP/Blueprints/lightBPB.lightBPB
[2024.05.14-01.18.34:341][636]LogNativeClassHierarchy: Verbose: Native class hierarchy updated for 'BlueprintGraph' in 0.0005 seconds. Added 126 classes and 0 folders.
[2024.05.14-01.18.35:208][636]LogSlate: Took 0.000144 seconds to synchronously load lazily loaded font '../../../Engine/Content/Slate/Fonts/Roboto-BoldCondensed.ttf' (158K)
[2024.05.14-01.18.35:262][637]LogSlate: Took 0.004643 seconds to synchronously load lazily loaded font '../../../Engine/Content/Slate/Fonts/Roboto-Italic.ttf' (157K)
[2024.05.14-01.19.49:690][613]Cmd: ACTOR SELECT ALL
[2024.05.14-01.19.51:352][705]LogEditorViewport: Clicking on Actor (LMB): StaticMeshActor (Floor)
[2024.05.14-01.19.55:474][943]LogSlate: Took 0.008454 seconds to synchronously load lazily loaded font '../../../Engine/Content/Slate/Fonts/Roboto-Black.ttf' (162K)
